#
# A fatal error has been detected by the Java Runtime Environment:
#
#  EXCEPTION_ACCESS_VIOLATION (0xc0000005) at pc=0x000000005f6d4f84, pid=82552, tid=0x000000000001386c
#
# JRE version: Java(TM) SE Runtime Environment (8.0_162-b12) (build 1.8.0_162-b12)
# Java VM: Java HotSpot(TM) 64-Bit Server VM (25.162-b12 mixed mode windows-amd64 compressed oops)
# Problematic frame:
# V  [jvm.dll+0x114f84]
#
# Failed to write core dump. Minidumps are not enabled by default on client versions of Windows
#
# If you would like to submit a bug report, please visit:
#   http://bugreport.java.com/bugreport/crash.jsp
#

---------------  T H R E A D  ---------------

Current thread (0x0000000002b21000):  GCTaskThread [stack: 0x0000000013800000,0x0000000013900000] [id=79980]

siginfo: ExceptionCode=0xc0000005, reading address 0xffffffffffffffff

Registers:
RAX=0x0000000000000005, RBX=0x00000007bb5fd0e8, RCX=0x0000000000000003, RDX=0x0000000003ddafe8
RSP=0x00000000138ff3e0, RBP=0x000000001e171180, RSI=0x00000007c018f9e8, RDI=0x00000007bb5fd0e8
R8 =0x0000000791fdfc18, R9 =0x000000000000000b, R10=0x0000000000000000, R11=0x00000007bb5ffff0
R12=0x00000007c018f9d8, R13=0x00000007bb5fd0c0, R14=0x0000000000000000, R15=0x0000000002b21340
RIP=0x000000005f6d4f84, EFLAGS=0x0000000000010206

Top of Stack: (sp=0x00000000138ff3e0)
0x00000000138ff3e0:   00000007c018f7a0 000000005f6e517c
0x00000000138ff3f0:   00000007bb5fd0d8 00000007bb5fd0cc
0x00000000138ff400:   0000000000000005 000000005fc186f8
0x00000000138ff410:   00000007bb5fd0c0 000000005f9c1861
0x00000000138ff420:   00000007927a7778 0000000000000008
0x00000000138ff430:   000000001e171180 000000005f6ac510
0x00000000138ff440:   00000007bb5f8000 0000000000001000
0x00000000138ff450:   0000000000000048 00007ffb00000001
0x00000000138ff460:   0000000000000000 0000000002b18d01
0x00000000138ff470:   000000005fc186f8 000000005f9c1950
0x00000000138ff480:   00000007bb5fd0a8 0000000000000000
0x00000000138ff490:   000000001e171180 0027c3b300003caf
0x00000000138ff4a0:   00000007bb5fd0a8 000000005f9c2325
0x00000000138ff4b0:   0000000000000005 000000005fc186f8
0x00000000138ff4c0:   00000007bb459340 000000005f9c1861
0x00000000138ff4d0:   0027c3b300003caf 0000000000000008 

Instructions: (pc=0x000000005f6d4f84)
0x000000005f6d4f64:   48 83 eb 04 4c 3b 05 09 ba 70 00 72 7f 8b 0d 21
0x000000005f6d4f74:   f8 68 00 49 d3 e0 4c 03 05 0f f8 68 00 49 8b 00
0x000000005f6d4f84:   24 03 3c 03 75 56 4d 8b 00 80 3d cc 4f 69 00 00
0x000000005f6d4f94:   74 0f 41 0f b6 c0 24 07 3c 05 75 05 45 33 c0 eb 


Register to memory mapping:

RAX=0x0000000000000005 is an unknown value
RBX=0x00000007bb5fd0e8 is an oop

[error occurred during error reporting (printing register info), id 0xc0000005]

Stack: [0x0000000013800000,0x0000000013900000],  sp=0x00000000138ff3e0,  free space=1020k
Native frames: (J=compiled Java code, j=interpreted, Vv=VM code, C=native code)
V  [jvm.dll+0x114f84]
V  [jvm.dll+0x401861]
V  [jvm.dll+0x401950]
V  [jvm.dll+0x402325]
V  [jvm.dll+0x404efb]
V  [jvm.dll+0x3f354e]
V  [jvm.dll+0x29ce3a]
C  [msvcr100.dll+0x21d7b]
C  [msvcr100.dll+0x21e17]
C  [KERNEL32.DLL+0x17974]
C  [ntdll.dll+0x6a271]


---------------  P R O C E S S  ---------------

Java Threads: ( => current thread )
  0x0000000021904800 JavaThread "pool-2-thread-12" [_thread_blocked, id=49168, stack(0x0000000038a00000,0x0000000038b00000)]
  0x000000002190a800 JavaThread "pool-2-thread-11" [_thread_blocked, id=78500, stack(0x0000000038900000,0x0000000038a00000)]
  0x0000000021907000 JavaThread "pool-3-thread-12" [_thread_blocked, id=11664, stack(0x0000000037200000,0x0000000037300000)]
  0x0000000021902800 JavaThread "pool-3-thread-11" [_thread_blocked, id=58492, stack(0x0000000037100000,0x0000000037200000)]
  0x0000000021908800 JavaThread "pool-2-thread-10" [_thread_blocked, id=83252, stack(0x0000000035a00000,0x0000000035b00000)]
  0x0000000021907800 JavaThread "pool-2-thread-9" [_thread_blocked, id=83592, stack(0x0000000035900000,0x0000000035a00000)]
  0x0000000021906000 JavaThread "pool-3-thread-10" [_thread_blocked, id=83328, stack(0x0000000033fd0000,0x00000000340d0000)]
  0x0000000021909000 JavaThread "pool-3-thread-9" [_thread_blocked, id=76056, stack(0x0000000033ed0000,0x0000000033fd0000)]
  0x00000000218fd000 JavaThread "pool-2-thread-8" [_thread_blocked, id=42524, stack(0x00000000327d0000,0x00000000328d0000)]
  0x0000000021901800 JavaThread "pool-2-thread-7" [_thread_blocked, id=40680, stack(0x00000000326d0000,0x00000000327d0000)]
  0x00000000218fc000 JavaThread "pool-3-thread-8" [_thread_blocked, id=80876, stack(0x0000000030fd0000,0x00000000310d0000)]
  0x0000000021901000 JavaThread "pool-3-thread-7" [_thread_blocked, id=31184, stack(0x0000000030ed0000,0x0000000030fd0000)]
  0x0000000021903000 JavaThread "pool-2-thread-6" [_thread_blocked, id=67572, stack(0x000000002f7d0000,0x000000002f8d0000)]
  0x00000000218ff000 JavaThread "pool-2-thread-5" [_thread_blocked, id=83104, stack(0x000000002f6d0000,0x000000002f7d0000)]
  0x00000000218fe800 JavaThread "pool-3-thread-6" [_thread_blocked, id=83800, stack(0x000000002dfd0000,0x000000002e0d0000)]
  0x00000000218fd800 JavaThread "pool-3-thread-5" [_thread_blocked, id=59964, stack(0x000000002ded0000,0x000000002dfd0000)]
  0x0000000021900000 JavaThread "pool-2-thread-4" [_thread_blocked, id=76620, stack(0x000000002b1d0000,0x000000002b2d0000)]
  0x0000000020673800 JavaThread "pool-3-thread-4" [_thread_blocked, id=82388, stack(0x000000002b0d0000,0x000000002b1d0000)]
  0x0000000020671000 JavaThread "pool-2-thread-3" [_thread_blocked, id=83276, stack(0x000000002afd0000,0x000000002b0d0000)]
  0x0000000020672800 JavaThread "pool-3-thread-3" [_thread_blocked, id=17716, stack(0x000000002aed0000,0x000000002afd0000)]
  0x0000000020675000 JavaThread "DeallocatorServiceThread_1" daemon [_thread_blocked, id=21144, stack(0x00000000281d0000,0x00000000282d0000)]
  0x0000000020675800 JavaThread "DeallocatorServiceThread_0" daemon [_thread_blocked, id=64028, stack(0x00000000280d0000,0x00000000281d0000)]
  0x0000000020670800 JavaThread "pool-3-thread-2" [_thread_blocked, id=44116, stack(0x0000000027fd0000,0x00000000280d0000)]
  0x0000000020672000 JavaThread "pool-2-thread-2" [_thread_blocked, id=81680, stack(0x0000000027ed0000,0x0000000027fd0000)]
  0x0000000020677000 JavaThread "pool-3-thread-1" [_thread_blocked, id=41208, stack(0x0000000027dd0000,0x0000000027ed0000)]
  0x0000000020676800 JavaThread "pool-2-thread-1" [_thread_blocked, id=77000, stack(0x0000000027cd0000,0x0000000027dd0000)]
  0x0000000020674000 JavaThread "JavaCPP Deallocator" daemon [_thread_blocked, id=77580, stack(0x0000000022cd0000,0x0000000022dd0000)]
  0x0000000021337800 JavaThread "pool-1-thread-3" [_thread_blocked, id=83676, stack(0x00000000228d0000,0x00000000229d0000)]
  0x0000000020c55000 JavaThread "pool-1-thread-2" [_thread_blocked, id=51676, stack(0x00000000227d0000,0x00000000228d0000)]
  0x0000000020c54000 JavaThread "pool-1-thread-1" [_thread_blocked, id=80512, stack(0x00000000226d0000,0x00000000227d0000)]
  0x000000001fd3d800 JavaThread "Service Thread" daemon [_thread_blocked, id=77440, stack(0x00000000203f0000,0x00000000204f0000)]
  0x000000001fca6000 JavaThread "C1 CompilerThread3" daemon [_thread_blocked, id=78128, stack(0x00000000202f0000,0x00000000203f0000)]
  0x000000001fca1800 JavaThread "C2 CompilerThread2" daemon [_thread_blocked, id=17324, stack(0x00000000201f0000,0x00000000202f0000)]
  0x000000001fc9c800 JavaThread "C2 CompilerThread1" daemon [_thread_blocked, id=78664, stack(0x00000000200f0000,0x00000000201f0000)]
  0x000000001fc9c000 JavaThread "C2 CompilerThread0" daemon [_thread_blocked, id=31864, stack(0x000000001fff0000,0x00000000200f0000)]
  0x000000001fc7f800 JavaThread "Monitor Ctrl-Break" daemon [_thread_in_native, id=81900, stack(0x000000001fef0000,0x000000001fff0000)]
  0x000000001e1bc800 JavaThread "Attach Listener" daemon [_thread_blocked, id=77656, stack(0x000000001f5f0000,0x000000001f6f0000)]
  0x000000001e211800 JavaThread "Signal Dispatcher" daemon [_thread_blocked, id=18328, stack(0x000000001f4f0000,0x000000001f5f0000)]
  0x000000001e193800 JavaThread "Finalizer" daemon [_thread_blocked, id=11020, stack(0x000000001f3f0000,0x000000001f4f0000)]
  0x000000001caa2800 JavaThread "Reference Handler" daemon [_thread_blocked, id=73092, stack(0x000000001f2f0000,0x000000001f3f0000)]
  0x0000000002afb800 JavaThread "main" [_thread_blocked, id=17572, stack(0x00000000029f0000,0x0000000002af0000)]

Other Threads:
  0x000000001e172800 VMThread [stack: 0x000000001f1f0000,0x000000001f2f0000] [id=10896]
  0x000000001fde1000 WatcherThread [stack: 0x00000000204f0000,0x00000000205f0000] [id=78980]

=>0x0000000002b21000 (exited) GCTaskThread [stack: 0x0000000013800000,0x0000000013900000] [id=79980]

VM state:at safepoint (normal execution)

VM Mutex/Monitor currently owned by a thread:  ([mutex/lock_event])
[0x0000000002af1a50] Threads_lock - owner thread: 0x000000001e172800
[0x0000000002af1dd0] Heap_lock - owner thread: 0x0000000020670800

Heap:
 PSYoungGen      total 1264128K, used 1241760K [0x000000076ae00000, 0x00000007bff00000, 0x00000007c0000000)
  eden space 1138176K, 100% used [0x000000076ae00000,0x00000007b0580000,0x00000007b0580000)
  from space 125952K, 82% used [0x00000007b0580000,0x00000007b6aa8000,0x00000007b8080000)
  to   space 125440K, 44% used [0x00000007b8480000,0x00000007bbb80000,0x00000007bff00000)
 ParOldGen       total 175104K, used 132935K [0x00000006c0a00000, 0x00000006cb500000, 0x000000076ae00000)
  object space 175104K, 75% used [0x00000006c0a00000,0x00000006c8bd1ff8,0x00000006cb500000)
 Metaspace       used 18694K, capacity 19024K, committed 19328K, reserved 1067008K
  class space    used 2223K, capacity 2322K, committed 2432K, reserved 1048576K

Card table byte_map: [0x00000000121a0000,0x00000000129a0000] byte_map_base: 0x000000000eb9b000

Marking Bits: (ParMarkBitMap*) 0x000000005fde0860
 Begin Bits: [0x0000000013900000, 0x00000000178d8000)
 End Bits:   [0x00000000178d8000, 0x000000001b8b0000)

Polling page: 0x0000000000b80000

CodeCache: size=245760Kb used=10590Kb max_used=13080Kb free=235169Kb
 bounds [0x0000000002de0000, 0x0000000003b10000, 0x0000000011de0000]
 total_blobs=3004 nmethods=2394 adapters=523
 compilation: enabled

Compilation events (10 events):
Event: 199.096 Thread 0x000000001fca6000 3067       1       java.nio.charset.CharsetDecoder::charset (5 bytes)
Event: 199.096 Thread 0x000000001fca6000 nmethod 3067 0x00000000036fee10 code [0x00000000036fef60, 0x00000000036ff070]
Event: 199.097 Thread 0x000000001fca6000 3068       3       org.nd4j.linalg.util.ArrayUtil::prodLong (33 bytes)
Event: 199.097 Thread 0x000000001fca6000 nmethod 3068 0x000000000347c190 code [0x000000000347c300, 0x000000000347c550]
Event: 199.103 Thread 0x000000001fc9c800 3069       4       java.util.Collections::swap (25 bytes)
Event: 199.106 Thread 0x000000001fc9c800 nmethod 3069 0x00000000032e9310 code [0x00000000032e9460, 0x00000000032e9618]
Event: 199.556 Thread 0x000000001fca6000 3070 % !   3       java.util.concurrent.ThreadPoolExecutor::runWorker @ 21 (225 bytes)
Event: 199.558 Thread 0x000000001fca6000 nmethod 3070% 0x00000000032f0d10 code [0x00000000032f1020, 0x00000000032f2a28]
Event: 202.890 Thread 0x000000001fca6000 3071   !   3       java.util.concurrent.ThreadPoolExecutor::runWorker (225 bytes)
Event: 202.892 Thread 0x000000001fca6000 nmethod 3071 0x0000000003749d50 code [0x000000000374a060, 0x000000000374bab8]

GC Heap History (10 events):
Event: 184.790 GC heap after
Heap after GC invocations=47 (full 0):
 PSYoungGen      total 1259520K, used 102208K [0x000000076ae00000, 0x00000007bfe00000, 0x00000007c0000000)
  eden space 1128448K, 0% used [0x000000076ae00000,0x000000076ae00000,0x00000007afc00000)
  from space 131072K, 77% used [0x00000007afc00000,0x00000007b5fd0000,0x00000007b7c00000)
  to   space 130048K, 0% used [0x00000007b7f00000,0x00000007b7f00000,0x00000007bfe00000)
 ParOldGen       total 175104K, used 131375K [0x00000006c0a00000, 0x00000006cb500000, 0x000000076ae00000)
  object space 175104K, 75% used [0x00000006c0a00000,0x00000006c8a4bff8,0x00000006cb500000)
 Metaspace       used 18692K, capacity 19024K, committed 19328K, reserved 1067008K
  class space    used 2223K, capacity 2322K, committed 2432K, reserved 1048576K
}
Event: 190.007 GC heap before
{Heap before GC invocations=48 (full 0):
 PSYoungGen      total 1259520K, used 1230656K [0x000000076ae00000, 0x00000007bfe00000, 0x00000007c0000000)
  eden space 1128448K, 100% used [0x000000076ae00000,0x00000007afc00000,0x00000007afc00000)
  from space 131072K, 77% used [0x00000007afc00000,0x00000007b5fd0000,0x00000007b7c00000)
  to   space 130048K, 0% used [0x00000007b7f00000,0x00000007b7f00000,0x00000007bfe00000)
 ParOldGen       total 175104K, used 131375K [0x00000006c0a00000, 0x00000006cb500000, 0x000000076ae00000)
  object space 175104K, 75% used [0x00000006c0a00000,0x00000006c8a4bff8,0x00000006cb500000)
 Metaspace       used 18692K, capacity 19024K, committed 19328K, reserved 1067008K
  class space    used 2223K, capacity 2322K, committed 2432K, reserved 1048576K
Event: 190.338 GC heap after
Heap after GC invocations=48 (full 0):
 PSYoungGen      total 1262592K, used 102528K [0x000000076ae00000, 0x00000007bfd00000, 0x00000007c0000000)
  eden space 1133568K, 0% used [0x000000076ae00000,0x000000076ae00000,0x00000007b0100000)
  from space 129024K, 79% used [0x00000007b7f00000,0x00000007be320000,0x00000007bfd00000)
  to   space 129024K, 0% used [0x00000007b0100000,0x00000007b0100000,0x00000007b7f00000)
 ParOldGen       total 175104K, used 131527K [0x00000006c0a00000, 0x00000006cb500000, 0x000000076ae00000)
  object space 175104K, 75% used [0x00000006c0a00000,0x00000006c8a71ff8,0x00000006cb500000)
 Metaspace       used 18692K, capacity 19024K, committed 19328K, reserved 1067008K
  class space    used 2223K, capacity 2322K, committed 2432K, reserved 1048576K
}
Event: 195.825 GC heap before
{Heap before GC invocations=49 (full 0):
 PSYoungGen      total 1262592K, used 1236096K [0x000000076ae00000, 0x00000007bfd00000, 0x00000007c0000000)
  eden space 1133568K, 100% used [0x000000076ae00000,0x00000007b0100000,0x00000007b0100000)
  from space 129024K, 79% used [0x00000007b7f00000,0x00000007be320000,0x00000007bfd00000)
  to   space 129024K, 0% used [0x00000007b0100000,0x00000007b0100000,0x00000007b7f00000)
 ParOldGen       total 175104K, used 131527K [0x00000006c0a00000, 0x00000006cb500000, 0x000000076ae00000)
  object space 175104K, 75% used [0x00000006c0a00000,0x00000006c8a71ff8,0x00000006cb500000)
 Metaspace       used 18692K, capacity 19024K, committed 19328K, reserved 1067008K
  class space    used 2223K, capacity 2322K, committed 2432K, reserved 1048576K
Event: 196.124 GC heap after
Heap after GC invocations=49 (full 0):
 PSYoungGen      total 1262592K, used 102560K [0x000000076ae00000, 0x00000007bfd00000, 0x00000007c0000000)
  eden space 1133568K, 0% used [0x000000076ae00000,0x000000076ae00000,0x00000007b0100000)
  from space 129024K, 79% used [0x00000007b0100000,0x00000007b6528000,0x00000007b7f00000)
  to   space 127488K, 0% used [0x00000007b8080000,0x00000007b8080000,0x00000007bfd00000)
 ParOldGen       total 175104K, used 131679K [0x00000006c0a00000, 0x00000006cb500000, 0x000000076ae00000)
  object space 175104K, 75% used [0x00000006c0a00000,0x00000006c8a97ff8,0x00000006cb500000)
 Metaspace       used 18692K, capacity 19024K, committed 19328K, reserved 1067008K
  class space    used 2223K, capacity 2322K, committed 2432K, reserved 1048576K
}
Event: 201.303 GC heap before
{Heap before GC invocations=50 (full 0):
 PSYoungGen      total 1262592K, used 1236128K [0x000000076ae00000, 0x00000007bfd00000, 0x00000007c0000000)
  eden space 1133568K, 100% used [0x000000076ae00000,0x00000007b0100000,0x00000007b0100000)
  from space 129024K, 79% used [0x00000007b0100000,0x00000007b6528000,0x00000007b7f00000)
  to   space 127488K, 0% used [0x00000007b8080000,0x00000007b8080000,0x00000007bfd00000)
 ParOldGen       total 175104K, used 131679K [0x00000006c0a00000, 0x00000006cb500000, 0x000000076ae00000)
  object space 175104K, 75% used [0x00000006c0a00000,0x00000006c8a97ff8,0x00000006cb500000)
 Metaspace       used 18694K, capacity 19024K, committed 19328K, reserved 1067008K
  class space    used 2223K, capacity 2322K, committed 2432K, reserved 1048576K
Event: 201.571 GC heap after
Heap after GC invocations=50 (full 0):
 PSYoungGen      total 1264128K, used 101664K [0x000000076ae00000, 0x00000007bfb80000, 0x00000007c0000000)
  eden space 1138176K, 0% used [0x000000076ae00000,0x000000076ae00000,0x00000007b0580000)
  from space 125952K, 80% used [0x00000007b8080000,0x00000007be3c8000,0x00000007bfb80000)
  to   space 125952K, 0% used [0x00000007b0580000,0x00000007b0580000,0x00000007b8080000)
 ParOldGen       total 175104K, used 132079K [0x00000006c0a00000, 0x00000006cb500000, 0x000000076ae00000)
  object space 175104K, 75% used [0x00000006c0a00000,0x00000006c8afbff8,0x00000006cb500000)
 Metaspace       used 18694K, capacity 19024K, committed 19328K, reserved 1067008K
  class space    used 2223K, capacity 2322K, committed 2432K, reserved 1048576K
}
Event: 206.874 GC heap before
{Heap before GC invocations=51 (full 0):
 PSYoungGen      total 1264128K, used 1239840K [0x000000076ae00000, 0x00000007bfb80000, 0x00000007c0000000)
  eden space 1138176K, 100% used [0x000000076ae00000,0x00000007b0580000,0x00000007b0580000)
  from space 125952K, 80% used [0x00000007b8080000,0x00000007be3c8000,0x00000007bfb80000)
  to   space 125952K, 0% used [0x00000007b0580000,0x00000007b0580000,0x00000007b8080000)
 ParOldGen       total 175104K, used 132079K [0x00000006c0a00000, 0x00000006cb500000, 0x000000076ae00000)
  object space 175104K, 75% used [0x00000006c0a00000,0x00000006c8afbff8,0x00000006cb500000)
 Metaspace       used 18694K, capacity 19024K, committed 19328K, reserved 1067008K
  class space    used 2223K, capacity 2322K, committed 2432K, reserved 1048576K
Event: 207.199 GC heap after
Heap after GC invocations=51 (full 0):
 PSYoungGen      total 1264128K, used 103584K [0x000000076ae00000, 0x00000007bff00000, 0x00000007c0000000)
  eden space 1138176K, 0% used [0x000000076ae00000,0x000000076ae00000,0x00000007b0580000)
  from space 125952K, 82% used [0x00000007b0580000,0x00000007b6aa8000,0x00000007b8080000)
  to   space 125440K, 0% used [0x00000007b8480000,0x00000007b8480000,0x00000007bff00000)
 ParOldGen       total 175104K, used 132783K [0x00000006c0a00000, 0x00000006cb500000, 0x000000076ae00000)
  object space 175104K, 75% used [0x00000006c0a00000,0x00000006c8babff8,0x00000006cb500000)
 Metaspace       used 18694K, capacity 19024K, committed 19328K, reserved 1067008K
  class space    used 2223K, capacity 2322K, committed 2432K, reserved 1048576K
}
Event: 212.472 GC heap before
{Heap before GC invocations=52 (full 0):
 PSYoungGen      total 1264128K, used 1241760K [0x000000076ae00000, 0x00000007bff00000, 0x00000007c0000000)
  eden space 1138176K, 100% used [0x000000076ae00000,0x00000007b0580000,0x00000007b0580000)
  from space 125952K, 82% used [0x00000007b0580000,0x00000007b6aa8000,0x00000007b8080000)
  to   space 125440K, 0% used [0x00000007b8480000,0x00000007b8480000,0x00000007bff00000)
 ParOldGen       total 175104K, used 132783K [0x00000006c0a00000, 0x00000006cb500000, 0x000000076ae00000)
  object space 175104K, 75% used [0x00000006c0a00000,0x00000006c8babff8,0x00000006cb500000)
 Metaspace       used 18694K, capacity 19024K, committed 19328K, reserved 1067008K
  class space    used 2223K, capacity 2322K, committed 2432K, reserved 1048576K

Deoptimization events (10 events):
Event: 44.787 Thread 0x0000000020c54000 Uncommon trap: reason=unstable_if action=reinterpret pc=0x000000000391a014 method=org.nd4j.linalg.api.ndarray.BaseNDArray.subi(Lorg/nd4j/linalg/api/ndarray/INDArray;Lorg/nd4j/linalg/api/ndarray/INDArray;)Lorg/nd4j/linalg/api/ndarray/INDArray; @ 14
Event: 44.788 Thread 0x0000000020c54000 Uncommon trap: reason=bimorphic action=maybe_recompile pc=0x00000000037b3038 method=org.nd4j.linalg.cpu.nativecpu.ops.NativeOpExecutioner.exec(Lorg/nd4j/linalg/api/ops/ReduceOp;)Lorg/nd4j/linalg/api/ndarray/INDArray; @ 1
Event: 44.788 Thread 0x0000000020c54000 Uncommon trap: reason=bimorphic action=maybe_recompile pc=0x00000000037b3038 method=org.nd4j.linalg.cpu.nativecpu.ops.NativeOpExecutioner.exec(Lorg/nd4j/linalg/api/ops/ReduceOp;)Lorg/nd4j/linalg/api/ndarray/INDArray; @ 1
Event: 44.798 Thread 0x0000000020c54000 Uncommon trap: reason=bimorphic action=maybe_recompile pc=0x000000000330a76c method=java.util.stream.StreamOpFlag.fromCharacteristics(Ljava/util/Spliterator;)I @ 1
Event: 44.813 Thread 0x0000000020c54000 Uncommon trap: reason=unstable_if action=reinterpret pc=0x0000000003a24008 method=org.deeplearning4j.nn.multilayer.MultiLayerNetwork.doEvaluationHelper(Lorg/nd4j/linalg/dataset/api/iterator/DataSetIterator;[Lorg/nd4j/evaluation/IEvaluation;)[Lorg/nd4j/eva
Event: 45.776 Thread 0x0000000020c55000 Uncommon trap: reason=bimorphic action=maybe_recompile pc=0x000000000330a76c method=java.util.stream.StreamOpFlag.fromCharacteristics(Ljava/util/Spliterator;)I @ 1
Event: 45.789 Thread 0x0000000020c55000 Uncommon trap: reason=bimorphic action=maybe_recompile pc=0x000000000330a76c method=java.util.stream.StreamOpFlag.fromCharacteristics(Ljava/util/Spliterator;)I @ 1
Event: 46.517 Thread 0x0000000021337800 Uncommon trap: reason=unstable_if action=reinterpret pc=0x0000000003a3fa04 method=com.company.ACOBPAlgorithm.getTrainResult(Ljava/lang/Boolean;Ljava/lang/Boolean;Lcom/company/ACOBPAlgorithm$ProblemType;Ljava/util/Random;Lorg/nd4j/linalg/dataset/api/iterat
Event: 71.662 Thread 0x0000000021337800 Uncommon trap: reason=unstable_if action=reinterpret pc=0x000000000313ed9c method=java.util.concurrent.CompletableFuture.waitingGet(Z)Ljava/lang/Object; @ 125
Event: 75.471 Thread 0x0000000021901800 Uncommon trap: reason=unstable_if action=reinterpret pc=0x000000000307cc60 method=java.util.concurrent.CompletableFuture.postComplete()V @ 39

Classes redefined (0 events):
No events

Internal exceptions (10 events):
Event: 3.461 Thread 0x0000000021337800 Exception <a 'sun/nio/fs/WindowsException'> (0x000000076d8e91f8) thrown at [C:\re\workspace\8-2-build-windows-amd64-cygwin\jdk8u162\10278\hotspot\src\share\vm\prims\jni.cpp, line 709]
Event: 3.501 Thread 0x0000000021337800 Exception <a 'sun/nio/fs/WindowsException'> (0x000000076e37d110) thrown at [C:\re\workspace\8-2-build-windows-amd64-cygwin\jdk8u162\10278\hotspot\src\share\vm\prims\jni.cpp, line 709]
Event: 3.502 Thread 0x0000000021337800 Exception <a 'sun/nio/fs/WindowsException'> (0x000000076e37e258) thrown at [C:\re\workspace\8-2-build-windows-amd64-cygwin\jdk8u162\10278\hotspot\src\share\vm\prims\jni.cpp, line 709]
Event: 3.503 Thread 0x0000000021337800 Exception <a 'sun/nio/fs/WindowsException'> (0x000000076e37f330) thrown at [C:\re\workspace\8-2-build-windows-amd64-cygwin\jdk8u162\10278\hotspot\src\share\vm\prims\jni.cpp, line 709]
Event: 3.503 Thread 0x0000000021337800 Exception <a 'sun/nio/fs/WindowsException'> (0x000000076e380428) thrown at [C:\re\workspace\8-2-build-windows-amd64-cygwin\jdk8u162\10278\hotspot\src\share\vm\prims\jni.cpp, line 709]
Event: 3.504 Thread 0x0000000021337800 Exception <a 'sun/nio/fs/WindowsException'> (0x000000076e3814d0) thrown at [C:\re\workspace\8-2-build-windows-amd64-cygwin\jdk8u162\10278\hotspot\src\share\vm\prims\jni.cpp, line 709]
Event: 3.505 Thread 0x0000000021337800 Exception <a 'sun/nio/fs/WindowsException'> (0x000000076e3825c8) thrown at [C:\re\workspace\8-2-build-windows-amd64-cygwin\jdk8u162\10278\hotspot\src\share\vm\prims\jni.cpp, line 709]
Event: 3.505 Thread 0x0000000021337800 Exception <a 'sun/nio/fs/WindowsException'> (0x000000076e383650) thrown at [C:\re\workspace\8-2-build-windows-amd64-cygwin\jdk8u162\10278\hotspot\src\share\vm\prims\jni.cpp, line 709]
Event: 3.506 Thread 0x0000000021337800 Exception <a 'sun/nio/fs/WindowsException'> (0x000000076e384728) thrown at [C:\re\workspace\8-2-build-windows-amd64-cygwin\jdk8u162\10278\hotspot\src\share\vm\prims\jni.cpp, line 709]
Event: 44.783 Thread 0x0000000020c54000 Implicit null exception at 0x0000000003a340ff to 0x0000000003a341f5

Events (10 events):
Event: 194.860 Thread 0x0000000020c54000 DEOPT PACKING pc=0x0000000002f18854 sp=0x00000000227cf050
Event: 194.860 Thread 0x0000000020c54000 DEOPT UNPACKING pc=0x0000000002e27490 sp=0x00000000227cefc8 mode 0
Event: 195.825 Executing VM operation: ParallelGCFailedAllocation
Event: 196.124 Executing VM operation: ParallelGCFailedAllocation done
Event: 199.088 Thread 0x000000001fca6000 flushing nmethod 0x0000000003187c50
Event: 201.303 Executing VM operation: ParallelGCFailedAllocation
Event: 201.571 Executing VM operation: ParallelGCFailedAllocation done
Event: 206.874 Executing VM operation: ParallelGCFailedAllocation
Event: 207.199 Executing VM operation: ParallelGCFailedAllocation done
Event: 212.471 Executing VM operation: ParallelGCFailedAllocation


Dynamic libraries:
0x00007ff6abc00000 - 0x00007ff6abc37000 	C:\Program Files\Java\jdk1.8.0_162\bin\java.exe
0x00007ffb817f0000 - 0x00007ffb819dd000 	C:\Windows\SYSTEM32\ntdll.dll
0x00007ffb803a0000 - 0x00007ffb80453000 	C:\Windows\System32\KERNEL32.DLL
0x00007ffb7da60000 - 0x00007ffb7dcf5000 	C:\Windows\System32\KERNELBASE.dll
0x00007ffb80c80000 - 0x00007ffb80d23000 	C:\Windows\System32\ADVAPI32.dll
0x00007ffb7eb90000 - 0x00007ffb7ec2e000 	C:\Windows\System32\msvcrt.dll
0x00007ffb80ae0000 - 0x00007ffb80b7e000 	C:\Windows\System32\sechost.dll
0x00007ffb815c0000 - 0x00007ffb816e2000 	C:\Windows\System32\RPCRT4.dll
0x00007ffb7ec90000 - 0x00007ffb7ee27000 	C:\Windows\System32\USER32.dll
0x00007ffb7e690000 - 0x00007ffb7e6b0000 	C:\Windows\System32\win32u.dll
0x00007ffb80b90000 - 0x00007ffb80bb9000 	C:\Windows\System32\GDI32.dll
0x00007ffb7dd00000 - 0x00007ffb7de99000 	C:\Windows\System32\gdi32full.dll
0x00007ffb7dea0000 - 0x00007ffb7df40000 	C:\Windows\System32\msvcp_win.dll
0x00007ffb7e6b0000 - 0x00007ffb7e7aa000 	C:\Windows\System32\ucrtbase.dll
0x00007ffb6a590000 - 0x00007ffb6a809000 	C:\Windows\WinSxS\amd64_microsoft.windows.common-controls_6595b64144ccf1df_6.0.17763.1217_none_de6e4304534e0ad3\COMCTL32.dll
0x00007ffb807b0000 - 0x00007ffb80adc000 	C:\Windows\System32\combase.dll
0x00007ffb7d8b0000 - 0x00007ffb7d92e000 	C:\Windows\System32\bcryptPrimitives.dll
0x00007ffb80bc0000 - 0x00007ffb80bee000 	C:\Windows\System32\IMM32.DLL
0x000000005fe60000 - 0x000000005ff31000 	C:\Program Files\Java\jdk1.8.0_162\jre\bin\msvcr100.dll
0x000000005f5c0000 - 0x000000005fe60000 	C:\Program Files\Java\jdk1.8.0_162\jre\bin\server\jvm.dll
0x00007ffb80c70000 - 0x00007ffb80c78000 	C:\Windows\System32\PSAPI.DLL
0x00007ffb79710000 - 0x00007ffb79719000 	C:\Windows\SYSTEM32\WSOCK32.dll
0x00007ffb794c0000 - 0x00007ffb794e4000 	C:\Windows\SYSTEM32\WINMM.dll
0x00007ffb79810000 - 0x00007ffb7981a000 	C:\Windows\SYSTEM32\VERSION.dll
0x00007ffb81750000 - 0x00007ffb817bd000 	C:\Windows\System32\WS2_32.dll
0x00007ffb792e0000 - 0x00007ffb7930d000 	C:\Windows\SYSTEM32\winmmbase.dll
0x00007ffb7d930000 - 0x00007ffb7d97a000 	C:\Windows\System32\cfgmgr32.dll
0x000000005f5b0000 - 0x000000005f5bf000 	C:\Program Files\Java\jdk1.8.0_162\jre\bin\verify.dll
0x000000005f580000 - 0x000000005f5a9000 	C:\Program Files\Java\jdk1.8.0_162\jre\bin\java.dll
0x000000005f4d0000 - 0x000000005f4f3000 	C:\Program Files\Java\jdk1.8.0_162\jre\bin\instrument.dll
0x000000005f560000 - 0x000000005f576000 	C:\Program Files\Java\jdk1.8.0_162\jre\bin\zip.dll
0x00007ffb7ee90000 - 0x00007ffb80384000 	C:\Windows\System32\SHELL32.dll
0x00007ffb80460000 - 0x00007ffb80508000 	C:\Windows\System32\shcore.dll
0x00007ffb7df40000 - 0x00007ffb7e68e000 	C:\Windows\System32\windows.storage.dll
0x00007ffb7d7e0000 - 0x00007ffb7d804000 	C:\Windows\System32\profapi.dll
0x00007ffb7d850000 - 0x00007ffb7d8ad000 	C:\Windows\System32\powrprof.dll
0x00007ffb816f0000 - 0x00007ffb81742000 	C:\Windows\System32\shlwapi.dll
0x00007ffb7d810000 - 0x00007ffb7d821000 	C:\Windows\System32\kernel.appcore.dll
0x00007ffb7e7b0000 - 0x00007ffb7e7c7000 	C:\Windows\System32\cryptsp.dll
0x00007ffb50380000 - 0x00007ffb5039a000 	C:\Program Files\JetBrains\IntelliJ IDEA 2018.3.4\bin\breakgen64.dll
0x000000005f4b0000 - 0x000000005f4ca000 	C:\Program Files\Java\jdk1.8.0_162\jre\bin\net.dll
0x00007ffb7cfa0000 - 0x00007ffb7d007000 	C:\Windows\system32\mswsock.dll
0x000000005f3b0000 - 0x000000005f3c1000 	C:\Program Files\Java\jdk1.8.0_162\jre\bin\nio.dll
0x0000000064940000 - 0x0000000064955000 	C:\Users\lsxuy\.javacpp\cache\mkl-dnn-0.18.1-1.5-windows-x86_64.jar\org\bytedeco\mkldnn\windows-x86_64\libwinpthread-1.dll
0x0000000061440000 - 0x000000006145c000 	C:\Users\lsxuy\.javacpp\cache\mkl-dnn-0.18.1-1.5-windows-x86_64.jar\org\bytedeco\mkldnn\windows-x86_64\libgcc_s_seh-1.dll
0x0000000063600000 - 0x000000006362f000 	C:\Users\lsxuy\.javacpp\cache\mkl-dnn-0.18.1-1.5-windows-x86_64.jar\org\bytedeco\mkldnn\windows-x86_64\libgomp-1.dll
0x000000006fc40000 - 0x000000006fda6000 	C:\Users\lsxuy\.javacpp\cache\mkl-dnn-0.18.1-1.5-windows-x86_64.jar\org\bytedeco\mkldnn\windows-x86_64\libstdc++-6.dll
0x00007ffb3c7a0000 - 0x00007ffb3c88f000 	C:\Users\lsxuy\.javacpp\cache\mkl-dnn-0.18.1-1.5-windows-x86_64.jar\org\bytedeco\mkldnn\windows-x86_64\msvcr120.dll
0x00007ffb393a0000 - 0x00007ffb39569000 	C:\Users\lsxuy\.javacpp\cache\mkl-dnn-0.18.1-1.5-windows-x86_64.jar\org\bytedeco\mkldnn\windows-x86_64\libiomp5md.dll
0x00007ffaef220000 - 0x00007ffaf4a91000 	C:\Users\lsxuy\.javacpp\cache\mkl-dnn-0.18.1-1.5-windows-x86_64.jar\org\bytedeco\mkldnn\windows-x86_64\mklml.dll
0x0000000062100000 - 0x000000006289a000 	C:\Users\lsxuy\.javacpp\cache\mkl-dnn-0.18.1-1.5-windows-x86_64.jar\org\bytedeco\mkldnn\windows-x86_64\libmkldnn.dll
0x0000000069480000 - 0x000000006d161000 	C:\Users\lsxuy\.javacpp\cache\nd4j-native-1.0.0-beta4-windows-x86_64.jar\org\nd4j\nativeblas\windows-x86_64\libnd4jcpu.dll
0x0000000066880000 - 0x0000000066b8d000 	C:\Users\lsxuy\.javacpp\cache\nd4j-native-1.0.0-beta4-windows-x86_64.jar\org\nd4j\nativeblas\windows-x86_64\jnind4jcpu.dll
0x00007ffae99a0000 - 0x00007ffaef211000 	C:\Users\lsxuy\.javacpp\cache\mkl-dnn-0.18.1-1.5-windows-x86_64.jar\org\bytedeco\mkldnn\windows-x86_64\libopenblas_nolapack.dll
0x0000000071000000 - 0x000000007105f000 	C:\Users\lsxuy\.javacpp\cache\openblas-0.3.5-1.5-windows-x86_64.jar\org\bytedeco\openblas\windows-x86_64\jniopenblas_nolapack.dll
0x00007ffb78250000 - 0x00007ffb7843d000 	C:\Windows\SYSTEM32\dbghelp.dll

VM Arguments:
jvm_args: -javaagent:C:\Program Files\JetBrains\IntelliJ IDEA 2018.3.4\lib\idea_rt.jar=4435:C:\Program Files\JetBrains\IntelliJ IDEA 2018.3.4\bin -Dfile.encoding=UTF-8 
java_command: com.company.Main
java_class_path (initial): C:\Program Files\Java\jdk1.8.0_162\jre\lib\charsets.jar;C:\Program Files\Java\jdk1.8.0_162\jre\lib\deploy.jar;C:\Program Files\Java\jdk1.8.0_162\jre\lib\ext\access-bridge-64.jar;C:\Program Files\Java\jdk1.8.0_162\jre\lib\ext\cldrdata.jar;C:\Program Files\Java\jdk1.8.0_162\jre\lib\ext\dnsns.jar;C:\Program Files\Java\jdk1.8.0_162\jre\lib\ext\jaccess.jar;C:\Program Files\Java\jdk1.8.0_162\jre\lib\ext\jfxrt.jar;C:\Program Files\Java\jdk1.8.0_162\jre\lib\ext\localedata.jar;C:\Program Files\Java\jdk1.8.0_162\jre\lib\ext\nashorn.jar;C:\Program Files\Java\jdk1.8.0_162\jre\lib\ext\sunec.jar;C:\Program Files\Java\jdk1.8.0_162\jre\lib\ext\sunjce_provider.jar;C:\Program Files\Java\jdk1.8.0_162\jre\lib\ext\sunmscapi.jar;C:\Program Files\Java\jdk1.8.0_162\jre\lib\ext\sunpkcs11.jar;C:\Program Files\Java\jdk1.8.0_162\jre\lib\ext\zipfs.jar;C:\Program Files\Java\jdk1.8.0_162\jre\lib\javaws.jar;C:\Program Files\Java\jdk1.8.0_162\jre\lib\jce.jar;C:\Program Files\Java\jdk1.8.0_162\jre\lib\jfr.jar;C:\Program Files\Java\jdk1.8.0_162\jre\lib\jfxswt.jar;C:\Program Files\Java\jdk1.8.0_162\jre\lib\jsse.jar;C:\Program Files\Java\jdk1.8.0_162\jre\lib\management-agent.jar;C:\Program Files\Java\jdk1.8.0_162\jre\lib\plugin.jar;C:\Program Files\Java\jdk1.8.0_162\jre\lib\resources.jar;C:\Program Files\Java\jdk1.8.0_162\jre\lib\rt.jar;C:\Users\lsxuy\Documents\GitHub\NN_ACO\target\classes;C:\Users\lsxuy\.m2\repository\org\deeplearning4j\deeplearning4j-core\1.0.0-beta4\deeplearning4j-core-1.0.0-beta4.jar;C:\Users\lsxuy\.m2\repository\org\deeplearning4j\deeplearning4j-tsne\1.0.0-beta4\deeplearning4j-tsne-1.0.0-beta4.jar;C:\Users\lsxuy\.m2\repository\org\deeplearning4j\nearestneighbor-core\1.0.0-beta4\nearestneighbor-core-1.0.0-beta4.jar;C:\Users\lsxuy\.m2\repository\org\deeplearning4j\deeplearning4j-datasets\1.0.0-beta4\deeplearning4j-datasets-1.0.0-beta4.jar;C:\Users\lsxuy\.m2\repository\org\deeplearning4j\deeplearning4j-common\1.0.0-beta4\deeplearning4j-common-1.0.0-beta4.
Launcher Type: SUN_STANDARD

Environment Variables:
JAVA_HOME=C:\Program Files\Java\jdk1.8.0_162
PATH=C:\ProgramData\DockerDesktop\version-bin;C:\Program Files\Docker\Docker\Resources\bin;C:\Program Files\NVIDIA GPU Computing Toolkit\CUDA\v10.0\bin;C:\Program Files\NVIDIA GPU Computing Toolkit\CUDA\v10.0\libnvvp;C:\ProgramData\Oracle\Java\javapath;C:\Windows\system32;C:\Windows;C:\Windows\System32\Wbem;C:\Windows\System32\WindowsPowerShell\v1.0\;C:\Windows\System32\OpenSSH\;C:\Program Files (x86)\NVIDIA Corporation\PhysX\Common;C:\Program Files\NVIDIA Corporation\NVIDIA NvDLISR;C:\Program Files\PuTTY\;D:\Program Files\matlab2016\runtime\win64;D:\Program Files\matlab2016\bin;D:\Program Files\matlab2016\polyspace\bin;C:\Program Files\Microsoft Network Monitor 3\;C:\Program Files\Microsoft SQL Server\120\Tools\Binn\;C:\Program Files\Microsoft SQL Server\Client SDK\ODBC\110\Tools\Binn\;C:\Program Files (x86)\Microsoft SQL Server\120\Tools\Binn\;C:\Program Files\Microsoft SQL Server\120\DTS\Binn\;D:\Program Files (x86)\MATLAB\MATLAB Runtime\v85\runtime\win32;C:\Users\lsxuy\AppData\Local\Microsoft\WindowsApps;C:\Program Files\JetBrains\IntelliJ IDEA 2018.3.4\bin;C:\Users\lsxuy\AppData\Local\GitHubDesktop\bin
USERNAME=lsxuy
OS=Windows_NT
PROCESSOR_IDENTIFIER=AMD64 Family 23 Model 1 Stepping 1, AuthenticAMD



---------------  S Y S T E M  ---------------

OS: Windows 10.0 , 64 bit Build 17763 (10.0.17763.1158)

CPU:total 12 (initial active 12) (12 cores per cpu, 1 threads per core) family 23 model 1 stepping 1, cmov, cx8, fxsr, mmx, sse, sse2, sse3, ssse3, sse4.1, sse4.2, popcnt, avx, avx2, aes, clmul, mmxext, 3dnowpref, lzcnt, sse4a, tsc, tscinvbit, tscinv, bmi1

Memory: 4k page, physical 16731620k(4109444k free), swap 27868804k(5187028k free)

vm_info: Java HotSpot(TM) 64-Bit Server VM (25.162-b12) for windows-amd64 JRE (1.8.0_162-b12), built on Dec 19 2017 20:00:03 by "java_re" with MS VC++ 10.0 (VS2010)

time: Sat Jul 25 16:05:28 2020
elapsed time: 212 seconds (0d 0h 3m 32s)

