#
# A fatal error has been detected by the Java Runtime Environment:
#
#  EXCEPTION_ACCESS_VIOLATION (0xc0000005) at pc=0x000000000359da69, pid=7700, tid=0x0000000000003724
#
# JRE version: Java(TM) SE Runtime Environment (8.0_162-b12) (build 1.8.0_162-b12)
# Java VM: Java HotSpot(TM) 64-Bit Server VM (25.162-b12 mixed mode windows-amd64 compressed oops)
# Problematic frame:
# J 1595 C2 org.nd4j.linalg.api.ndarray.BaseNDArray.getDouble(J)D (139 bytes) @ 0x000000000359da69 [0x000000000359cf00+0xb69]
#
# Failed to write core dump. Minidumps are not enabled by default on client versions of Windows
#
# If you would like to submit a bug report, please visit:
#   http://bugreport.java.com/bugreport/crash.jsp
#

---------------  T H R E A D  ---------------

Current thread (0x000000000300b800):  JavaThread "main" [_thread_in_Java, id=14116, stack(0x0000000002f00000,0x0000000003000000)]

siginfo: ExceptionCode=0xc0000005, reading address 0x00000000291fa190

Registers:
RAX=0x00000007c017b1a0, RBX=0x00000000291fa190, RCX=0x00000000291fa190, RDX=0x0000000000000000
RSP=0x0000000002ffe140, RBP=0x0000000000000001, RSI=0x00000000f802f482, RDI=0x000000076b59dc88
R8 =0x0000000000000000, R9 =0x000000076b663968, R10=0x00000000291fa190, R11=0x000000076b59db90
R12=0x0000000000000000, R13=0x00000007c017ca98, R14=0x00000007c017b1a0, R15=0x000000000300b800
RIP=0x000000000359da69, EFLAGS=0x0000000000010206

Top of Stack: (sp=0x0000000002ffe140)
0x0000000002ffe140:   0000000000000001 0000000003525f25
0x0000000002ffe150:   0000000002ffe560 00000000037920f4
0x0000000002ffe160:   0000000002ffe978 00000000033ce874
0x0000000002ffe170:   000000000f00b000 0000000772227de8
0x0000000002ffe180:   000000076b663a60 0000000000000000
0x0000000002ffe190:   0000000002ffe500 00000000037cf2fc
0x0000000002ffe1a0:   0000000000000000 00000006c0f3d7d0
0x0000000002ffe1b0:   000000076b663938 000000076b663950
0x0000000002ffe1c0:   0000000002ffe9e0 00000000033c6e64
0x0000000002ffe1d0:   000000000f00b000 00000007722381e0
0x0000000002ffe1e0:   000000076b64c9e8 0000000100000001
0x0000000002ffe1f0:   0000000002ffe560 00000000037cf2fc
0x0000000002ffe200:   0000000024606b00 0000000000000000
0x0000000002ffe210:   0000000061567060 0000000000000000
0x0000000002ffe220:   0000000000000276 000000076b64c9d0
0x0000000002ffe230:   000000076b64c9e8 000000076af14c00 

Instructions: (pc=0x000000000359da69)
0x000000000359da49:   4c 8b 57 20 48 85 db 0f 8c f3 11 00 00 49 3b da
0x000000000359da59:   0f 8d 2e 12 00 00 48 c1 e3 02 48 03 d9 4c 8b d3
0x000000000359da69:   c4 c1 7a 5a 02 e9 91 fd ff ff 83 f9 08 0f 84 9d
0x000000000359da79:   00 00 00 83 f9 08 7e 43 83 f9 0a 0f 8d ab 11 00 


Register to memory mapping:

RAX=0x00000007c017b1a0 is pointing into metadata
RBX=0x00000000291fa190 is an unknown value
RCX=0x00000000291fa190 is an unknown value
RDX=0x0000000000000000 is an unknown value
RSP=0x0000000002ffe140 is pointing into the stack for thread: 0x000000000300b800
RBP=0x0000000000000001 is an unknown value
RSI=0x00000000f802f482 is an unknown value
RDI=0x000000076b59dc88 is an oop
org.bytedeco.javacpp.indexer.FloatRawIndexer 
 - klass: 'org/bytedeco/javacpp/indexer/FloatRawIndexer'
R8 =0x0000000000000000 is an unknown value
R9 =0x000000076b663968 is an oop
org.nd4j.linalg.cpu.nativecpu.NDArray 
 - klass: 'org/nd4j/linalg/cpu/nativecpu/NDArray'
R10=0x00000000291fa190 is an unknown value
R11=0x000000076b59db90 is an oop
org.nd4j.linalg.api.buffer.FloatBuffer 
 - klass: 'org/nd4j/linalg/api/buffer/FloatBuffer'
R12=0x0000000000000000 is an unknown value
R13=0x00000007c017ca98 is pointing into metadata
R14=0x00000007c017b1a0 is pointing into metadata
R15=0x000000000300b800 is a thread


Stack: [0x0000000002f00000,0x0000000003000000],  sp=0x0000000002ffe140,  free space=1016k
Native frames: (J=compiled Java code, j=interpreted, Vv=VM code, C=native code)
C  0x000000000359da69


---------------  P R O C E S S  ---------------

Java Threads: ( => current thread )
  0x000000002196e000 JavaThread "DeallocatorServiceThread_1" daemon [_thread_blocked, id=2592, stack(0x0000000024a80000,0x0000000024b80000)]
  0x000000002196d000 JavaThread "DeallocatorServiceThread_0" daemon [_thread_blocked, id=2308, stack(0x0000000024980000,0x0000000024a80000)]
  0x0000000021a48800 JavaThread "JavaCPP Deallocator" daemon [_thread_blocked, id=7620, stack(0x0000000021eb0000,0x0000000021fb0000)]
  0x00000000207cb000 JavaThread "Service Thread" daemon [_thread_blocked, id=10860, stack(0x0000000020ce0000,0x0000000020de0000)]
  0x0000000020711000 JavaThread "C1 CompilerThread3" daemon [_thread_blocked, id=14136, stack(0x0000000020be0000,0x0000000020ce0000)]
  0x0000000020703800 JavaThread "C2 CompilerThread2" daemon [_thread_blocked, id=15160, stack(0x0000000020ae0000,0x0000000020be0000)]
  0x0000000020702800 JavaThread "C2 CompilerThread1" daemon [_thread_blocked, id=7444, stack(0x00000000209e0000,0x0000000020ae0000)]
  0x0000000020702000 JavaThread "C2 CompilerThread0" daemon [_thread_blocked, id=8508, stack(0x00000000208e0000,0x00000000209e0000)]
  0x000000001e680000 JavaThread "JDWP Command Reader" daemon [_thread_in_native, id=10272, stack(0x000000001ffe0000,0x00000000200e0000)]
  0x000000001e679000 JavaThread "JDWP Event Helper Thread" daemon [_thread_blocked, id=4184, stack(0x000000001fee0000,0x000000001ffe0000)]
  0x000000001e66c000 JavaThread "JDWP Transport Listener: dt_socket" daemon [_thread_blocked, id=8808, stack(0x000000001fde0000,0x000000001fee0000)]
  0x000000001e606800 JavaThread "Attach Listener" daemon [_thread_blocked, id=12980, stack(0x000000001fb40000,0x000000001fc40000)]
  0x000000001e662800 JavaThread "Signal Dispatcher" daemon [_thread_blocked, id=10464, stack(0x000000001fa40000,0x000000001fb40000)]
  0x000000001e5e3800 JavaThread "Finalizer" daemon [_thread_blocked, id=4208, stack(0x000000001f840000,0x000000001f940000)]
  0x000000001cf12800 JavaThread "Reference Handler" daemon [_thread_blocked, id=1484, stack(0x000000001f740000,0x000000001f840000)]
=>0x000000000300b800 JavaThread "main" [_thread_in_Java, id=14116, stack(0x0000000002f00000,0x0000000003000000)]

Other Threads:
  0x000000001cf07800 VMThread [stack: 0x000000001f640000,0x000000001f740000] [id=15176]
  0x000000002086d800 WatcherThread [stack: 0x0000000020de0000,0x0000000020ee0000] [id=11088]

VM state:not at safepoint (normal execution)

VM Mutex/Monitor currently owned by a thread: None

Heap:
 PSYoungGen      total 179200K, used 61169K [0x000000076ae00000, 0x0000000781f00000, 0x00000007c0000000)
  eden space 118784K, 8% used [0x000000076ae00000,0x000000076b8097d0,0x0000000772200000)
  from space 60416K, 84% used [0x0000000772200000,0x00000007753b2f78,0x0000000775d00000)
  to   space 70144K, 0% used [0x000000077da80000,0x000000077da80000,0x0000000781f00000)
 ParOldGen       total 175104K, used 55866K [0x00000006c0a00000, 0x00000006cb500000, 0x000000076ae00000)
  object space 175104K, 31% used [0x00000006c0a00000,0x00000006c408eaf0,0x00000006cb500000)
 Metaspace       used 18582K, capacity 18904K, committed 19072K, reserved 1067008K
  class space    used 2235K, capacity 2328K, committed 2432K, reserved 1048576K

Card table byte_map: [0x0000000012610000,0x0000000012e10000] byte_map_base: 0x000000000f00b000

Marking Bits: (ParMarkBitMap*) 0x0000000061b90860
 Begin Bits: [0x0000000013d70000, 0x0000000017d48000)
 End Bits:   [0x0000000017d48000, 0x000000001bd20000)

Polling page: 0x0000000000cf0000

CodeCache: size=245760Kb used=5879Kb max_used=5955Kb free=239880Kb
 bounds [0x0000000003250000, 0x0000000003850000, 0x0000000012250000]
 total_blobs=2130 nmethods=1554 adapters=497
 compilation: enabled

Compilation events (10 events):
Event: 9.357 Thread 0x0000000020711000 1797       3       org.nd4j.shade.jackson.core.json.WriterBasedJsonGenerator::_writeString (90 bytes)
Event: 9.357 Thread 0x0000000020711000 nmethod 1797 0x000000000368c3d0 code [0x000000000368c5a0, 0x000000000368cb98]
Event: 9.359 Thread 0x0000000020703800 1798   !   4       java.util.Locale::getDefault (132 bytes)
Event: 9.361 Thread 0x0000000020711000 1800       3       sun.misc.FloatingDecimal$BinaryToASCIIBuffer::developLongDigits (304 bytes)
Event: 9.361 Thread 0x0000000020711000 nmethod 1800 0x00000000033d6cd0 code [0x00000000033d6ea0, 0x00000000033d77d0]
Event: 9.362 Thread 0x0000000020703800 nmethod 1798 0x0000000003730f90 code [0x0000000003731100, 0x0000000003731568]
Event: 9.362 Thread 0x0000000020703800 1799       4       java.util.Formatter::getZero (27 bytes)
Event: 9.363 Thread 0x0000000020703800 nmethod 1799 0x00000000035742d0 code [0x0000000003574400, 0x0000000003574478]
Event: 9.364 Thread 0x0000000020702800 nmethod 1795 0x00000000035b3a50 code [0x00000000035b3ba0, 0x00000000035b4158]
Event: 9.371 Thread 0x0000000020702000 nmethod 1796 0x00000000036f7490 code [0x00000000036f7680, 0x00000000036f85f0]

GC Heap History (10 events):
Event: 2.179 GC heap before
{Heap before GC invocations=3 (full 0):
 PSYoungGen      total 76288K, used 68156K [0x000000076ae00000, 0x0000000770300000, 0x00000007c0000000)
  eden space 65536K, 100% used [0x000000076ae00000,0x000000076ee00000,0x000000076ee00000)
  from space 10752K, 24% used [0x000000076f880000,0x000000076fb0f0c8,0x0000000770300000)
  to   space 10752K, 0% used [0x000000076ee00000,0x000000076ee00000,0x000000076f880000)
 ParOldGen       total 175104K, used 16K [0x00000006c0a00000, 0x00000006cb500000, 0x000000076ae00000)
  object space 175104K, 0% used [0x00000006c0a00000,0x00000006c0a04000,0x00000006cb500000)
 Metaspace       used 10447K, capacity 10622K, committed 10752K, reserved 1058816K
  class space    used 1446K, capacity 1497K, committed 1536K, reserved 1048576K
Event: 2.181 GC heap after
Heap after GC invocations=3 (full 0):
 PSYoungGen      total 76288K, used 2551K [0x000000076ae00000, 0x0000000770300000, 0x00000007c0000000)
  eden space 65536K, 0% used [0x000000076ae00000,0x000000076ae00000,0x000000076ee00000)
  from space 10752K, 23% used [0x000000076ee00000,0x000000076f07de70,0x000000076f880000)
  to   space 10752K, 0% used [0x000000076f880000,0x000000076f880000,0x0000000770300000)
 ParOldGen       total 175104K, used 24K [0x00000006c0a00000, 0x00000006cb500000, 0x000000076ae00000)
  object space 175104K, 0% used [0x00000006c0a00000,0x00000006c0a06000,0x00000006cb500000)
 Metaspace       used 10447K, capacity 10622K, committed 10752K, reserved 1058816K
  class space    used 1446K, capacity 1497K, committed 1536K, reserved 1048576K
}
Event: 2.695 GC heap before
{Heap before GC invocations=4 (full 0):
 PSYoungGen      total 76288K, used 68087K [0x000000076ae00000, 0x0000000770300000, 0x00000007c0000000)
  eden space 65536K, 100% used [0x000000076ae00000,0x000000076ee00000,0x000000076ee00000)
  from space 10752K, 23% used [0x000000076ee00000,0x000000076f07de70,0x000000076f880000)
  to   space 10752K, 0% used [0x000000076f880000,0x000000076f880000,0x0000000770300000)
 ParOldGen       total 175104K, used 24K [0x00000006c0a00000, 0x00000006cb500000, 0x000000076ae00000)
  object space 175104K, 0% used [0x00000006c0a00000,0x00000006c0a06000,0x00000006cb500000)
 Metaspace       used 11545K, capacity 11710K, committed 11904K, reserved 1058816K
  class space    used 1536K, capacity 1625K, committed 1664K, reserved 1048576K
Event: 2.697 GC heap after
Heap after GC invocations=4 (full 0):
 PSYoungGen      total 76288K, used 3293K [0x000000076ae00000, 0x0000000770300000, 0x00000007c0000000)
  eden space 65536K, 0% used [0x000000076ae00000,0x000000076ae00000,0x000000076ee00000)
  from space 10752K, 30% used [0x000000076f880000,0x000000076fbb7720,0x0000000770300000)
  to   space 10752K, 0% used [0x000000076ee00000,0x000000076ee00000,0x000000076f880000)
 ParOldGen       total 175104K, used 32K [0x00000006c0a00000, 0x00000006cb500000, 0x000000076ae00000)
  object space 175104K, 0% used [0x00000006c0a00000,0x00000006c0a08000,0x00000006cb500000)
 Metaspace       used 11545K, capacity 11710K, committed 11904K, reserved 1058816K
  class space    used 1536K, capacity 1625K, committed 1664K, reserved 1048576K
}
Event: 3.076 GC heap before
{Heap before GC invocations=5 (full 0):
 PSYoungGen      total 76288K, used 68829K [0x000000076ae00000, 0x0000000770300000, 0x00000007c0000000)
  eden space 65536K, 100% used [0x000000076ae00000,0x000000076ee00000,0x000000076ee00000)
  from space 10752K, 30% used [0x000000076f880000,0x000000076fbb7720,0x0000000770300000)
  to   space 10752K, 0% used [0x000000076ee00000,0x000000076ee00000,0x000000076f880000)
 ParOldGen       total 175104K, used 32K [0x00000006c0a00000, 0x00000006cb500000, 0x000000076ae00000)
  object space 175104K, 0% used [0x00000006c0a00000,0x00000006c0a08000,0x00000006cb500000)
 Metaspace       used 11972K, capacity 12158K, committed 12416K, reserved 1060864K
  class space    used 1568K, capacity 1625K, committed 1664K, reserved 1048576K
Event: 3.095 GC heap after
Heap after GC invocations=5 (full 0):
 PSYoungGen      total 76288K, used 10741K [0x000000076ae00000, 0x0000000778c00000, 0x00000007c0000000)
  eden space 65536K, 0% used [0x000000076ae00000,0x000000076ae00000,0x000000076ee00000)
  from space 10752K, 99% used [0x000000076ee00000,0x000000076f87d6f8,0x000000076f880000)
  to   space 48128K, 0% used [0x0000000775d00000,0x0000000775d00000,0x0000000778c00000)
 ParOldGen       total 175104K, used 53997K [0x00000006c0a00000, 0x00000006cb500000, 0x000000076ae00000)
  object space 175104K, 30% used [0x00000006c0a00000,0x00000006c3ebb7b8,0x00000006cb500000)
 Metaspace       used 11972K, capacity 12158K, committed 12416K, reserved 1060864K
  class space    used 1568K, capacity 1625K, committed 1664K, reserved 1048576K
}
Event: 3.430 GC heap before
{Heap before GC invocations=6 (full 0):
 PSYoungGen      total 76288K, used 76277K [0x000000076ae00000, 0x0000000778c00000, 0x00000007c0000000)
  eden space 65536K, 100% used [0x000000076ae00000,0x000000076ee00000,0x000000076ee00000)
  from space 10752K, 99% used [0x000000076ee00000,0x000000076f87d6f8,0x000000076f880000)
  to   space 48128K, 0% used [0x0000000775d00000,0x0000000775d00000,0x0000000778c00000)
 ParOldGen       total 175104K, used 53997K [0x00000006c0a00000, 0x00000006cb500000, 0x000000076ae00000)
  object space 175104K, 30% used [0x00000006c0a00000,0x00000006c3ebb7b8,0x00000006cb500000)
 Metaspace       used 12102K, capacity 12318K, committed 12416K, reserved 1060864K
  class space    used 1583K, capacity 1657K, committed 1664K, reserved 1048576K
Event: 3.444 GC heap after
Heap after GC invocations=6 (full 0):
 PSYoungGen      total 166912K, used 46876K [0x000000076ae00000, 0x000000077a400000, 0x00000007c0000000)
  eden space 118784K, 0% used [0x000000076ae00000,0x000000076ae00000,0x0000000772200000)
  from space 48128K, 97% used [0x0000000775d00000,0x0000000778ac73a8,0x0000000778c00000)
  to   space 60416K, 0% used [0x0000000772200000,0x0000000772200000,0x0000000775d00000)
 ParOldGen       total 175104K, used 54005K [0x00000006c0a00000, 0x00000006cb500000, 0x000000076ae00000)
  object space 175104K, 30% used [0x00000006c0a00000,0x00000006c3ebd7b8,0x00000006cb500000)
 Metaspace       used 12102K, capacity 12318K, committed 12416K, reserved 1060864K
  class space    used 1583K, capacity 1657K, committed 1664K, reserved 1048576K
}
Event: 8.921 GC heap before
{Heap before GC invocations=7 (full 0):
 PSYoungGen      total 166912K, used 165660K [0x000000076ae00000, 0x000000077a400000, 0x00000007c0000000)
  eden space 118784K, 100% used [0x000000076ae00000,0x0000000772200000,0x0000000772200000)
  from space 48128K, 97% used [0x0000000775d00000,0x0000000778ac73a8,0x0000000778c00000)
  to   space 60416K, 0% used [0x0000000772200000,0x0000000772200000,0x0000000775d00000)
 ParOldGen       total 175104K, used 54005K [0x00000006c0a00000, 0x00000006cb500000, 0x000000076ae00000)
  object space 175104K, 30% used [0x00000006c0a00000,0x00000006c3ebd7b8,0x00000006cb500000)
 Metaspace       used 18472K, capacity 18660K, committed 18944K, reserved 1067008K
  class space    used 2219K, capacity 2298K, committed 2304K, reserved 1048576K
Event: 8.937 GC heap after
Heap after GC invocations=7 (full 0):
 PSYoungGen      total 179200K, used 50891K [0x000000076ae00000, 0x0000000781f00000, 0x00000007c0000000)
  eden space 118784K, 0% used [0x000000076ae00000,0x000000076ae00000,0x0000000772200000)
  from space 60416K, 84% used [0x0000000772200000,0x00000007753b2f78,0x0000000775d00000)
  to   space 70144K, 0% used [0x000000077da80000,0x000000077da80000,0x0000000781f00000)
 ParOldGen       total 175104K, used 55866K [0x00000006c0a00000, 0x00000006cb500000, 0x000000076ae00000)
  object space 175104K, 31% used [0x00000006c0a00000,0x00000006c408eaf0,0x00000006cb500000)
 Metaspace       used 18472K, capacity 18660K, committed 18944K, reserved 1067008K
  class space    used 2219K, capacity 2298K, committed 2304K, reserved 1048576K
}

Deoptimization events (10 events):
Event: 3.038 Thread 0x000000000300b800 Uncommon trap: reason=unstable_if action=reinterpret pc=0x0000000003646f5c method=java.util.Random.nextInt(I)I @ 28
Event: 3.190 Thread 0x000000000300b800 Uncommon trap: reason=unstable_if action=reinterpret pc=0x00000000036576ec method=org.deeplearning4j.datasets.mnist.MnistImageFile.readImagesUnsafe(I)[[B @ 11
Event: 3.290 Thread 0x000000000300b800 Uncommon trap: reason=unstable_if action=reinterpret pc=0x000000000365db14 method=org.deeplearning4j.datasets.mnist.MnistLabelFile.readLabels(I)[I @ 8
Event: 3.910 Thread 0x000000000300b800 Uncommon trap: reason=class_check action=maybe_recompile pc=0x000000000354a084 method=java.util.HashMap.putVal(ILjava/lang/Object;Ljava/lang/Object;ZZ)Ljava/lang/Object; @ 203
Event: 3.912 Thread 0x000000000300b800 Uncommon trap: reason=class_check action=maybe_recompile pc=0x000000000354a084 method=java.util.HashMap.putVal(ILjava/lang/Object;Ljava/lang/Object;ZZ)Ljava/lang/Object; @ 203
Event: 3.925 Thread 0x000000000300b800 Uncommon trap: reason=bimorphic action=maybe_recompile pc=0x00000000036a59bc method=java.util.HashMap.putVal(ILjava/lang/Object;Ljava/lang/Object;ZZ)Ljava/lang/Object; @ 203
Event: 3.927 Thread 0x000000000300b800 Uncommon trap: reason=bimorphic action=maybe_recompile pc=0x00000000036a59bc method=java.util.HashMap.putVal(ILjava/lang/Object;Ljava/lang/Object;ZZ)Ljava/lang/Object; @ 203
Event: 3.927 Thread 0x000000000300b800 Uncommon trap: reason=class_check action=maybe_recompile pc=0x000000000354bd18 method=java.util.HashMap.putVal(ILjava/lang/Object;Ljava/lang/Object;ZZ)Ljava/lang/Object; @ 203
Event: 6.349 Thread 0x0000000022334000 Uncommon trap: reason=unstable_if action=reinterpret pc=0x0000000003730c9c method=java.lang.ThreadLocal.get()Ljava/lang/Object; @ 11
Event: 6.365 Thread 0x000000000300b800 Uncommon trap: reason=unstable_if action=reinterpret pc=0x00000000037351b4 method=org.nd4j.linalg.api.shape.options.ArrayOptionsHelper.arrayType([J)Lorg/nd4j/linalg/api/shape/options/ArrayType; @ 40

Classes redefined (0 events):
No events

Internal exceptions (10 events):
Event: 3.499 Thread 0x000000000300b800 Exception <a 'sun/nio/fs/WindowsException'> (0x000000076c02e820) thrown at [C:\re\workspace\8-2-build-windows-amd64-cygwin\jdk8u162\10278\hotspot\src\share\vm\prims\jni.cpp, line 709]
Event: 3.532 Thread 0x000000000300b800 Exception <a 'sun/nio/fs/WindowsException'> (0x000000076cad2170) thrown at [C:\re\workspace\8-2-build-windows-amd64-cygwin\jdk8u162\10278\hotspot\src\share\vm\prims\jni.cpp, line 709]
Event: 3.532 Thread 0x000000000300b800 Exception <a 'sun/nio/fs/WindowsException'> (0x000000076cad3300) thrown at [C:\re\workspace\8-2-build-windows-amd64-cygwin\jdk8u162\10278\hotspot\src\share\vm\prims\jni.cpp, line 709]
Event: 3.533 Thread 0x000000000300b800 Exception <a 'sun/nio/fs/WindowsException'> (0x000000076cad4420) thrown at [C:\re\workspace\8-2-build-windows-amd64-cygwin\jdk8u162\10278\hotspot\src\share\vm\prims\jni.cpp, line 709]
Event: 3.534 Thread 0x000000000300b800 Exception <a 'sun/nio/fs/WindowsException'> (0x000000076cad5560) thrown at [C:\re\workspace\8-2-build-windows-amd64-cygwin\jdk8u162\10278\hotspot\src\share\vm\prims\jni.cpp, line 709]
Event: 3.534 Thread 0x000000000300b800 Exception <a 'sun/nio/fs/WindowsException'> (0x000000076cad6650) thrown at [C:\re\workspace\8-2-build-windows-amd64-cygwin\jdk8u162\10278\hotspot\src\share\vm\prims\jni.cpp, line 709]
Event: 3.535 Thread 0x000000000300b800 Exception <a 'sun/nio/fs/WindowsException'> (0x000000076cad7790) thrown at [C:\re\workspace\8-2-build-windows-amd64-cygwin\jdk8u162\10278\hotspot\src\share\vm\prims\jni.cpp, line 709]
Event: 3.535 Thread 0x000000000300b800 Exception <a 'sun/nio/fs/WindowsException'> (0x000000076cad8860) thrown at [C:\re\workspace\8-2-build-windows-amd64-cygwin\jdk8u162\10278\hotspot\src\share\vm\prims\jni.cpp, line 709]
Event: 3.536 Thread 0x000000000300b800 Exception <a 'sun/nio/fs/WindowsException'> (0x000000076cad9980) thrown at [C:\re\workspace\8-2-build-windows-amd64-cygwin\jdk8u162\10278\hotspot\src\share\vm\prims\jni.cpp, line 709]
Event: 6.349 Thread 0x0000000022334000 Implicit null exception at 0x0000000003730b52 to 0x0000000003730c81

Events (10 events):
Event: 36.749 Executing VM operation: ForceSafepoint
Event: 36.749 Executing VM operation: ForceSafepoint done
Event: 36.754 Executing VM operation: ForceSafepoint
Event: 36.754 Executing VM operation: ForceSafepoint done
Event: 36.754 Executing VM operation: ForceSafepoint
Event: 36.754 Executing VM operation: ForceSafepoint done
Event: 36.761 Executing VM operation: ForceSafepoint
Event: 36.761 Executing VM operation: ForceSafepoint done
Event: 36.762 Executing VM operation: ForceSafepoint
Event: 36.762 Executing VM operation: ForceSafepoint done


Dynamic libraries:
0x00007ff645670000 - 0x00007ff6456a7000 	C:\Program Files\Java\jdk1.8.0_162\bin\java.exe
0x00007ff8984d0000 - 0x00007ff8986bd000 	C:\Windows\SYSTEM32\ntdll.dll
0x00007ff8976a0000 - 0x00007ff897753000 	C:\Windows\System32\KERNEL32.DLL
0x00007ff895400000 - 0x00007ff895695000 	C:\Windows\System32\KERNELBASE.dll
0x00007ff897440000 - 0x00007ff8974e3000 	C:\Windows\System32\ADVAPI32.dll
0x00007ff897920000 - 0x00007ff8979be000 	C:\Windows\System32\msvcrt.dll
0x00007ff895c00000 - 0x00007ff895c9e000 	C:\Windows\System32\sechost.dll
0x00007ff8977f0000 - 0x00007ff897912000 	C:\Windows\System32\RPCRT4.dll
0x00007ff897a20000 - 0x00007ff897bb7000 	C:\Windows\System32\USER32.dll
0x00007ff895380000 - 0x00007ff8953a0000 	C:\Windows\System32\win32u.dll
0x00007ff897760000 - 0x00007ff897789000 	C:\Windows\System32\GDI32.dll
0x00007ff894e50000 - 0x00007ff894fe9000 	C:\Windows\System32\gdi32full.dll
0x00007ff894590000 - 0x00007ff894630000 	C:\Windows\System32\msvcp_win.dll
0x00007ff894ff0000 - 0x00007ff8950ea000 	C:\Windows\System32\ucrtbase.dll
0x00007ff889100000 - 0x00007ff889379000 	C:\Windows\WinSxS\amd64_microsoft.windows.common-controls_6595b64144ccf1df_6.0.17763.1217_none_de6e4304534e0ad3\COMCTL32.dll
0x00007ff897bd0000 - 0x00007ff897efc000 	C:\Windows\System32\combase.dll
0x00007ff894da0000 - 0x00007ff894e1e000 	C:\Windows\System32\bcryptPrimitives.dll
0x00007ff898190000 - 0x00007ff8981be000 	C:\Windows\System32\IMM32.DLL
0x0000000061c10000 - 0x0000000061ce1000 	C:\Program Files\Java\jdk1.8.0_162\jre\bin\msvcr100.dll
0x0000000061370000 - 0x0000000061c10000 	C:\Program Files\Java\jdk1.8.0_162\jre\bin\server\jvm.dll
0x00007ff897bc0000 - 0x00007ff897bc8000 	C:\Windows\System32\PSAPI.DLL
0x00007ff890380000 - 0x00007ff89038a000 	C:\Windows\SYSTEM32\VERSION.dll
0x00007ff86b420000 - 0x00007ff86b429000 	C:\Windows\SYSTEM32\WSOCK32.dll
0x00007ff890e90000 - 0x00007ff890eb4000 	C:\Windows\SYSTEM32\WINMM.dll
0x00007ff8974f0000 - 0x00007ff89755d000 	C:\Windows\System32\WS2_32.dll
0x00007ff890e50000 - 0x00007ff890e7d000 	C:\Windows\SYSTEM32\winmmbase.dll
0x00007ff8956a0000 - 0x00007ff8956ea000 	C:\Windows\System32\cfgmgr32.dll
0x00000000625e0000 - 0x00000000625ef000 	C:\Program Files\Java\jdk1.8.0_162\jre\bin\verify.dll
0x00000000625b0000 - 0x00000000625d9000 	C:\Program Files\Java\jdk1.8.0_162\jre\bin\java.dll
0x0000000062550000 - 0x0000000062585000 	C:\Program Files\Java\jdk1.8.0_162\jre\bin\jdwp.dll
0x0000000062540000 - 0x0000000062548000 	C:\Program Files\Java\jdk1.8.0_162\jre\bin\npt.dll
0x0000000061340000 - 0x0000000061363000 	C:\Program Files\Java\jdk1.8.0_162\jre\bin\instrument.dll
0x0000000062590000 - 0x00000000625a6000 	C:\Program Files\Java\jdk1.8.0_162\jre\bin\zip.dll
0x00007ff895ca0000 - 0x00007ff897194000 	C:\Windows\System32\SHELL32.dll
0x00007ff898270000 - 0x00007ff898318000 	C:\Windows\System32\shcore.dll
0x00007ff894650000 - 0x00007ff894d9e000 	C:\Windows\System32\windows.storage.dll
0x00007ff8944c0000 - 0x00007ff8944e4000 	C:\Windows\System32\profapi.dll
0x00007ff8944f0000 - 0x00007ff89454d000 	C:\Windows\System32\powrprof.dll
0x00007ff897790000 - 0x00007ff8977e2000 	C:\Windows\System32\shlwapi.dll
0x00007ff894550000 - 0x00007ff894561000 	C:\Windows\System32\kernel.appcore.dll
0x00007ff894630000 - 0x00007ff894647000 	C:\Windows\System32\cryptsp.dll
0x0000000061330000 - 0x0000000061339000 	C:\Program Files\Java\jdk1.8.0_162\jre\bin\dt_socket.dll
0x00007ff871e80000 - 0x00007ff871ee1000 	C:\Windows\system32\XunYouNt64.dll
0x00007ff8939b0000 - 0x00007ff8939ed000 	C:\Windows\SYSTEM32\IPHLPAPI.DLL
0x00007ff8956f0000 - 0x00007ff8956f8000 	C:\Windows\System32\NSI.dll
0x00007ff88e800000 - 0x00007ff88e81c000 	C:\Windows\SYSTEM32\dhcpcsvc.DLL
0x00007ff893c80000 - 0x00007ff893ce7000 	C:\Windows\system32\mswsock.dll
0x00007ff887fe0000 - 0x00007ff887fea000 	C:\Windows\system32\wshqos.dll
0x00007ff887fd0000 - 0x00007ff887fd8000 	C:\Windows\SYSTEM32\wshtcpip.DLL
0x00007ff887fc0000 - 0x00007ff887fc8000 	C:\Windows\SYSTEM32\wship6.dll
0x00007ff893810000 - 0x00007ff893843000 	C:\Windows\system32\rsaenh.dll
0x00007ff894e20000 - 0x00007ff894e46000 	C:\Windows\System32\bcrypt.dll
0x00007ff8943f0000 - 0x00007ff894418000 	C:\Windows\SYSTEM32\USERENV.dll
0x00007ff893e00000 - 0x00007ff893e0c000 	C:\Windows\SYSTEM32\CRYPTBASE.dll
0x0000000061310000 - 0x000000006132a000 	C:\Program Files\Java\jdk1.8.0_162\jre\bin\net.dll
0x00007ff88e890000 - 0x00007ff88e8a6000 	C:\Windows\SYSTEM32\dhcpcsvc6.DLL
0x00007ff8939f0000 - 0x00007ff893ab7000 	C:\Windows\SYSTEM32\DNSAPI.dll
0x00000000612f0000 - 0x0000000061301000 	C:\Program Files\Java\jdk1.8.0_162\jre\bin\nio.dll
0x0000000064940000 - 0x0000000064955000 	C:\Users\lsxuy\.javacpp\cache\mkl-dnn-0.18.1-1.5-windows-x86_64.jar\org\bytedeco\mkldnn\windows-x86_64\libwinpthread-1.dll
0x000000001fcd0000 - 0x000000001fcec000 	C:\Users\lsxuy\.javacpp\cache\mkl-dnn-0.18.1-1.5-windows-x86_64.jar\org\bytedeco\mkldnn\windows-x86_64\libgcc_s_seh-1.dll
0x0000000063600000 - 0x000000006362f000 	C:\Users\lsxuy\.javacpp\cache\mkl-dnn-0.18.1-1.5-windows-x86_64.jar\org\bytedeco\mkldnn\windows-x86_64\libgomp-1.dll
0x000000006fc40000 - 0x000000006fda6000 	C:\Users\lsxuy\.javacpp\cache\mkl-dnn-0.18.1-1.5-windows-x86_64.jar\org\bytedeco\mkldnn\windows-x86_64\libstdc++-6.dll
0x00007ff87caa0000 - 0x00007ff87cb8f000 	C:\Users\lsxuy\.javacpp\cache\mkl-dnn-0.18.1-1.5-windows-x86_64.jar\org\bytedeco\mkldnn\windows-x86_64\msvcr120.dll
0x00007ff87c8d0000 - 0x00007ff87ca99000 	C:\Users\lsxuy\.javacpp\cache\mkl-dnn-0.18.1-1.5-windows-x86_64.jar\org\bytedeco\mkldnn\windows-x86_64\libiomp5md.dll
0x00007ff828920000 - 0x00007ff82e191000 	C:\Users\lsxuy\.javacpp\cache\mkl-dnn-0.18.1-1.5-windows-x86_64.jar\org\bytedeco\mkldnn\windows-x86_64\mklml.dll
0x0000000023280000 - 0x0000000023a1a000 	C:\Users\lsxuy\.javacpp\cache\mkl-dnn-0.18.1-1.5-windows-x86_64.jar\org\bytedeco\mkldnn\windows-x86_64\libmkldnn.dll
0x0000000069480000 - 0x000000006d161000 	C:\Users\lsxuy\.javacpp\cache\nd4j-native-1.0.0-beta4-windows-x86_64.jar\org\nd4j\nativeblas\windows-x86_64\libnd4jcpu.dll
0x0000000066880000 - 0x0000000066b8d000 	C:\Users\lsxuy\.javacpp\cache\nd4j-native-1.0.0-beta4-windows-x86_64.jar\org\nd4j\nativeblas\windows-x86_64\jnind4jcpu.dll
0x00007ff8230a0000 - 0x00007ff828911000 	C:\Users\lsxuy\.javacpp\cache\mkl-dnn-0.18.1-1.5-windows-x86_64.jar\org\bytedeco\mkldnn\windows-x86_64\libopenblas_nolapack.dll
0x0000000071000000 - 0x000000007105f000 	C:\Users\lsxuy\.javacpp\cache\openblas-0.3.5-1.5-windows-x86_64.jar\org\bytedeco\openblas\windows-x86_64\jniopenblas_nolapack.dll
0x00007ff8816b0000 - 0x00007ff88189d000 	C:\Windows\SYSTEM32\dbghelp.dll

VM Arguments:
jvm_args: -agentlib:jdwp=transport=dt_socket,address=127.0.0.1:2404,suspend=y,server=n -javaagent:C:\Users\lsxuy\.IntelliJIdea2018.3\system\captureAgent\debugger-agent.jar -Dfile.encoding=UTF-8 
java_command: com.company.Main
java_class_path (initial): C:\Program Files\Java\jdk1.8.0_162\jre\lib\charsets.jar;C:\Program Files\Java\jdk1.8.0_162\jre\lib\deploy.jar;C:\Program Files\Java\jdk1.8.0_162\jre\lib\ext\access-bridge-64.jar;C:\Program Files\Java\jdk1.8.0_162\jre\lib\ext\cldrdata.jar;C:\Program Files\Java\jdk1.8.0_162\jre\lib\ext\dnsns.jar;C:\Program Files\Java\jdk1.8.0_162\jre\lib\ext\jaccess.jar;C:\Program Files\Java\jdk1.8.0_162\jre\lib\ext\jfxrt.jar;C:\Program Files\Java\jdk1.8.0_162\jre\lib\ext\localedata.jar;C:\Program Files\Java\jdk1.8.0_162\jre\lib\ext\nashorn.jar;C:\Program Files\Java\jdk1.8.0_162\jre\lib\ext\sunec.jar;C:\Program Files\Java\jdk1.8.0_162\jre\lib\ext\sunjce_provider.jar;C:\Program Files\Java\jdk1.8.0_162\jre\lib\ext\sunmscapi.jar;C:\Program Files\Java\jdk1.8.0_162\jre\lib\ext\sunpkcs11.jar;C:\Program Files\Java\jdk1.8.0_162\jre\lib\ext\zipfs.jar;C:\Program Files\Java\jdk1.8.0_162\jre\lib\javaws.jar;C:\Program Files\Java\jdk1.8.0_162\jre\lib\jce.jar;C:\Program Files\Java\jdk1.8.0_162\jre\lib\jfr.jar;C:\Program Files\Java\jdk1.8.0_162\jre\lib\jfxswt.jar;C:\Program Files\Java\jdk1.8.0_162\jre\lib\jsse.jar;C:\Program Files\Java\jdk1.8.0_162\jre\lib\management-agent.jar;C:\Program Files\Java\jdk1.8.0_162\jre\lib\plugin.jar;C:\Program Files\Java\jdk1.8.0_162\jre\lib\resources.jar;C:\Program Files\Java\jdk1.8.0_162\jre\lib\rt.jar;C:\Users\lsxuy\Documents\GitHub\NN_ACO\target\classes;C:\Users\lsxuy\.m2\repository\org\deeplearning4j\deeplearning4j-core\1.0.0-beta4\deeplearning4j-core-1.0.0-beta4.jar;C:\Users\lsxuy\.m2\repository\org\deeplearning4j\deeplearning4j-tsne\1.0.0-beta4\deeplearning4j-tsne-1.0.0-beta4.jar;C:\Users\lsxuy\.m2\repository\org\deeplearning4j\nearestneighbor-core\1.0.0-beta4\nearestneighbor-core-1.0.0-beta4.jar;C:\Users\lsxuy\.m2\repository\org\deeplearning4j\deeplearning4j-datasets\1.0.0-beta4\deeplearning4j-datasets-1.0.0-beta4.jar;C:\Users\lsxuy\.m2\repository\org\deeplearning4j\deeplearning4j-common\1.0.0-beta4\deeplearning4j-common-1.0.0-beta4.
Launcher Type: SUN_STANDARD

Environment Variables:
JAVA_HOME=C:\Program Files\Java\jdk1.8.0_162
PATH=C:\ProgramData\DockerDesktop\version-bin;C:\Program Files\Docker\Docker\Resources\bin;C:\Program Files\NVIDIA GPU Computing Toolkit\CUDA\v10.0\bin;C:\Program Files\NVIDIA GPU Computing Toolkit\CUDA\v10.0\libnvvp;C:\ProgramData\Oracle\Java\javapath;C:\Windows\system32;C:\Windows;C:\Windows\System32\Wbem;C:\Windows\System32\WindowsPowerShell\v1.0\;C:\Windows\System32\OpenSSH\;C:\Program Files (x86)\NVIDIA Corporation\PhysX\Common;C:\Program Files\NVIDIA Corporation\NVIDIA NvDLISR;C:\Program Files\PuTTY\;D:\Program Files\matlab2016\runtime\win64;D:\Program Files\matlab2016\bin;D:\Program Files\matlab2016\polyspace\bin;C:\Program Files\Microsoft Network Monitor 3\;C:\Program Files\Microsoft SQL Server\120\Tools\Binn\;C:\Program Files\Microsoft SQL Server\Client SDK\ODBC\110\Tools\Binn\;C:\Program Files (x86)\Microsoft SQL Server\120\Tools\Binn\;C:\Program Files\Microsoft SQL Server\120\DTS\Binn\;C:\Users\lsxuy\AppData\Local\Microsoft\WindowsApps;C:\Program Files\JetBrains\IntelliJ IDEA 2018.3.4\bin;C:\Users\lsxuy\AppData\Local\GitHubDesktop\bin
USERNAME=lsxuy
OS=Windows_NT
PROCESSOR_IDENTIFIER=AMD64 Family 23 Model 1 Stepping 1, AuthenticAMD



---------------  S Y S T E M  ---------------

OS: Windows 10.0 , 64 bit Build 17763 (10.0.17763.1158)

CPU:total 12 (initial active 12) (12 cores per cpu, 1 threads per core) family 23 model 1 stepping 1, cmov, cx8, fxsr, mmx, sse, sse2, sse3, ssse3, sse4.1, sse4.2, popcnt, avx, avx2, aes, clmul, mmxext, 3dnowpref, lzcnt, sse4a, tsc, tscinvbit, tscinv, bmi1

Memory: 4k page, physical 16731620k(10411964k free), swap 21188068k(12909852k free)

vm_info: Java HotSpot(TM) 64-Bit Server VM (25.162-b12) for windows-amd64 JRE (1.8.0_162-b12), built on Dec 19 2017 20:00:03 by "java_re" with MS VC++ 10.0 (VS2010)

time: Sun Jun 07 11:13:47 2020
elapsed time: 36 seconds (0d 0h 0m 36s)

