#
# A fatal error has been detected by the Java Runtime Environment:
#
#  EXCEPTION_ACCESS_VIOLATION (0xc0000005) at pc=0x000000005f6d4f84, pid=12960, tid=0x0000000000008480
#
# JRE version: Java(TM) SE Runtime Environment (8.0_162-b12) (build 1.8.0_162-b12)
# Java VM: Java HotSpot(TM) 64-Bit Server VM (25.162-b12 mixed mode windows-amd64 compressed oops)
# Problematic frame:
# V  [jvm.dll+0x114f84]
#
# Failed to write core dump. Minidumps are not enabled by default on client versions of Windows
#
# If you would like to submit a bug report, please visit:
#   http://bugreport.java.com/bugreport/crash.jsp
#

---------------  T H R E A D  ---------------

Current thread (0x0000000002d0e800):  GCTaskThread [stack: 0x00000000137c0000,0x00000000138c0000] [id=33920]

siginfo: ExceptionCode=0xc0000005, reading address 0xffffffffffffffff

Registers:
RAX=0x0000000000000005, RBX=0x00000007bb331468, RCX=0x0000000000000003, RDX=0x0000000003dd998a
RSP=0x00000000138bf6b0, RBP=0x000000001e370e00, RSI=0x00000007c018f9e8, RDI=0x00000007bb331468
R8 =0x000000079a193648, R9 =0x000000000000000b, R10=0x0000000000000000, R11=0x00000007bb337ff0
R12=0x00000007c018f9d8, R13=0x00000007bb331440, R14=0x0000000000000000, R15=0x0000000002d0ede0
RIP=0x000000005f6d4f84, EFLAGS=0x0000000000010206

Top of Stack: (sp=0x00000000138bf6b0)
0x00000000138bf6b0:   00000007c018f7a0 000000005f6e517c
0x00000000138bf6c0:   00000007bb331458 00000007bb33144c
0x00000000138bf6d0:   0000000000000005 000000005fc186f8
0x00000000138bf6e0:   00000007bb331440 000000005f9c1861
0x00000000138bf6f0:   000000079a61c360 0000000000000008
0x00000000138bf700:   000000001e370e00 000000005f6ac510
0x00000000138bf710:   00000007bb330000 0000000000001000
0x00000000138bf720:   00000006c8974310 0000000000000400
0x00000000138bf730:   0000000000000000 0000000002d08f01
0x00000000138bf740:   000000005fc186f8 000000005f9c1950
0x00000000138bf750:   00000007bb331428 0000000000000000
0x00000000138bf760:   000000001e370e00 002cf5b600001fdc
0x00000000138bf770:   00000007bb331428 000000005f9c2325
0x00000000138bf780:   0000000000000005 000000005fc186f8
0x00000000138bf790:   00000007bb1cb640 000000005f9c1861
0x00000000138bf7a0:   002cf5b600001fdc 0000000000000008 

Instructions: (pc=0x000000005f6d4f84)
0x000000005f6d4f64:   48 83 eb 04 4c 3b 05 09 ba 70 00 72 7f 8b 0d 21
0x000000005f6d4f74:   f8 68 00 49 d3 e0 4c 03 05 0f f8 68 00 49 8b 00
0x000000005f6d4f84:   24 03 3c 03 75 56 4d 8b 00 80 3d cc 4f 69 00 00
0x000000005f6d4f94:   74 0f 41 0f b6 c0 24 07 3c 05 75 05 45 33 c0 eb 


Register to memory mapping:

RAX=0x0000000000000005 is an unknown value
RBX=0x00000007bb331468 is an oop

[error occurred during error reporting (printing register info), id 0xc0000005]

Stack: [0x00000000137c0000,0x00000000138c0000],  sp=0x00000000138bf6b0,  free space=1021k
Native frames: (J=compiled Java code, j=interpreted, Vv=VM code, C=native code)
V  [jvm.dll+0x114f84]
V  [jvm.dll+0x401861]
V  [jvm.dll+0x401950]
V  [jvm.dll+0x402325]
V  [jvm.dll+0x404efb]
V  [jvm.dll+0x3f354e]
V  [jvm.dll+0x29ce3a]
C  [msvcr100.dll+0x21d7b]
C  [msvcr100.dll+0x21e17]
C  [KERNEL32.DLL+0x17974]
C  [ntdll.dll+0x6a271]


---------------  P R O C E S S  ---------------

Java Threads: ( => current thread )
  0x0000000020fea000 JavaThread "pool-4-thread-12" [_thread_blocked, id=68376, stack(0x0000000037c00000,0x0000000037d00000)]
  0x0000000020fe9000 JavaThread "pool-4-thread-11" [_thread_blocked, id=16496, stack(0x0000000037b00000,0x0000000037c00000)]
  0x0000000020fea800 JavaThread "pool-3-thread-12" [_thread_blocked, id=55532, stack(0x0000000036400000,0x0000000036500000)]
  0x0000000020fe7800 JavaThread "pool-3-thread-11" [_thread_blocked, id=69932, stack(0x0000000036300000,0x0000000036400000)]
  0x0000000020fdf800 JavaThread "pool-4-thread-10" [_thread_blocked, id=70620, stack(0x0000000034c00000,0x0000000034d00000)]
  0x0000000020fe4800 JavaThread "pool-4-thread-9" [_thread_blocked, id=11024, stack(0x0000000034b00000,0x0000000034c00000)]
  0x0000000020fdd000 JavaThread "pool-3-thread-10" [_thread_blocked, id=48728, stack(0x00000000331d0000,0x00000000332d0000)]
  0x0000000020fe1800 JavaThread "pool-3-thread-9" [_thread_blocked, id=58496, stack(0x00000000330d0000,0x00000000331d0000)]
  0x0000000020fde800 JavaThread "pool-4-thread-8" [_thread_blocked, id=6188, stack(0x00000000319d0000,0x0000000031ad0000)]
  0x0000000020fe1000 JavaThread "pool-4-thread-7" [_thread_blocked, id=19008, stack(0x00000000318d0000,0x00000000319d0000)]
  0x0000000020fe3000 JavaThread "pool-3-thread-8" [_thread_blocked, id=62712, stack(0x00000000301d0000,0x00000000302d0000)]
  0x0000000020fde000 JavaThread "pool-3-thread-7" [_thread_blocked, id=31388, stack(0x00000000300d0000,0x00000000301d0000)]
  0x0000000020fe2800 JavaThread "pool-4-thread-6" [_thread_blocked, id=31772, stack(0x000000002e9d0000,0x000000002ead0000)]
  0x0000000020fe4000 JavaThread "pool-4-thread-5" [_thread_blocked, id=61260, stack(0x000000002e8d0000,0x000000002e9d0000)]
  0x0000000020fe0000 JavaThread "pool-3-thread-6" [_thread_blocked, id=14872, stack(0x000000002d1d0000,0x000000002d2d0000)]
  0x0000000020fdc800 JavaThread "pool-3-thread-5" [_thread_blocked, id=31592, stack(0x000000002d0d0000,0x000000002d1d0000)]
  0x00000000215c6800 JavaThread "pool-3-thread-4" [_thread_blocked, id=44936, stack(0x000000002a3d0000,0x000000002a4d0000)]
  0x00000000215c6000 JavaThread "pool-4-thread-4" [_thread_blocked, id=64264, stack(0x000000002a2d0000,0x000000002a3d0000)]
  0x00000000215c7800 JavaThread "pool-3-thread-3" [_thread_blocked, id=58524, stack(0x000000002a1d0000,0x000000002a2d0000)]
  0x00000000215c5000 JavaThread "pool-4-thread-3" [_thread_blocked, id=34724, stack(0x000000002a0d0000,0x000000002a1d0000)]
  0x00000000215cc000 JavaThread "DeallocatorServiceThread_1" daemon [_thread_blocked, id=59228, stack(0x00000000273d0000,0x00000000274d0000)]
  0x00000000215cb000 JavaThread "DeallocatorServiceThread_0" daemon [_thread_blocked, id=37004, stack(0x00000000272d0000,0x00000000273d0000)]
  0x00000000215c8000 JavaThread "pool-4-thread-2" [_thread_blocked, id=4704, stack(0x00000000271d0000,0x00000000272d0000)]
  0x00000000215ca800 JavaThread "pool-3-thread-2" [_thread_blocked, id=27684, stack(0x00000000270d0000,0x00000000271d0000)]
  0x00000000215c9800 JavaThread "pool-4-thread-1" [_thread_blocked, id=39504, stack(0x0000000026fd0000,0x00000000270d0000)]
  0x00000000215c9000 JavaThread "pool-3-thread-1" [_thread_blocked, id=48708, stack(0x0000000026ed0000,0x0000000026fd0000)]
  0x0000000021269000 JavaThread "JavaCPP Deallocator" daemon [_thread_blocked, id=49036, stack(0x0000000021e20000,0x0000000021f20000)]
  0x00000000211d7800 JavaThread "pool-1-thread-3" [_thread_blocked, id=33948, stack(0x0000000021d20000,0x0000000021e20000)]
  0x00000000211d3000 JavaThread "pool-1-thread-2" [_thread_blocked, id=65220, stack(0x0000000021c20000,0x0000000021d20000)]
  0x00000000211d2000 JavaThread "pool-1-thread-1" [_thread_blocked, id=33784, stack(0x0000000021b20000,0x0000000021c20000)]
  0x000000001ff9e000 JavaThread "Service Thread" daemon [_thread_blocked, id=2108, stack(0x0000000020650000,0x0000000020750000)]
  0x000000001ff16800 JavaThread "C1 CompilerThread3" daemon [_thread_blocked, id=33128, stack(0x0000000020550000,0x0000000020650000)]
  0x000000001feeb000 JavaThread "C2 CompilerThread2" daemon [_thread_blocked, id=45956, stack(0x0000000020450000,0x0000000020550000)]
  0x000000001feff800 JavaThread "C2 CompilerThread1" daemon [_thread_blocked, id=27860, stack(0x0000000020350000,0x0000000020450000)]
  0x000000001feff000 JavaThread "C2 CompilerThread0" daemon [_thread_blocked, id=29872, stack(0x0000000020250000,0x0000000020350000)]
  0x000000001fefc000 JavaThread "Monitor Ctrl-Break" daemon [_thread_in_native, id=38272, stack(0x0000000020150000,0x0000000020250000)]
  0x000000001e40f800 JavaThread "Attach Listener" daemon [_thread_blocked, id=33960, stack(0x000000001f850000,0x000000001f950000)]
  0x000000001e3bb000 JavaThread "Signal Dispatcher" daemon [_thread_blocked, id=48836, stack(0x000000001f750000,0x000000001f850000)]
  0x000000001e393800 JavaThread "Finalizer" daemon [_thread_blocked, id=61836, stack(0x000000001f5f0000,0x000000001f6f0000)]
  0x000000001ccb2800 JavaThread "Reference Handler" daemon [_thread_blocked, id=60300, stack(0x000000001f4f0000,0x000000001f5f0000)]
  0x0000000002ceb800 JavaThread "main" [_thread_blocked, id=51656, stack(0x0000000002bc0000,0x0000000002cc0000)]

Other Threads:
  0x000000001e372800 VMThread [stack: 0x000000001f3f0000,0x000000001f4f0000] [id=54332]
  0x000000002000f800 WatcherThread [stack: 0x0000000020750000,0x0000000020850000] [id=67040]

=>0x0000000002d0e800 (exited) GCTaskThread [stack: 0x00000000137c0000,0x00000000138c0000] [id=33920]

VM state:at safepoint (normal execution)

VM Mutex/Monitor currently owned by a thread:  ([mutex/lock_event])
[0x0000000002ce21d0] Threads_lock - owner thread: 0x000000001e372800
[0x0000000002ce2350] Heap_lock - owner thread: 0x00000000215c9000

Heap:
 PSYoungGen      total 1254912K, used 1222336K [0x000000076ae00000, 0x00000007bff80000, 0x00000007c0000000)
  eden space 1119744K, 100% used [0x000000076ae00000,0x00000007af380000,0x00000007af380000)
  from space 135168K, 75% used [0x00000007af380000,0x00000007b57b0000,0x00000007b7780000)
  to   space 133632K, 43% used [0x00000007b7d00000,0x00000007bb660000,0x00000007bff80000)
 ParOldGen       total 175104K, used 130680K [0x00000006c0a00000, 0x00000006cb500000, 0x000000076ae00000)
  object space 175104K, 74% used [0x00000006c0a00000,0x00000006c899e310,0x00000006cb500000)
 Metaspace       used 18694K, capacity 19028K, committed 19328K, reserved 1067008K
  class space    used 2224K, capacity 2324K, committed 2432K, reserved 1048576K

Card table byte_map: [0x0000000012360000,0x0000000012b60000] byte_map_base: 0x000000000ed5b000

Marking Bits: (ParMarkBitMap*) 0x000000005fde0860
 Begin Bits: [0x0000000013ac0000, 0x0000000017a98000)
 End Bits:   [0x0000000017a98000, 0x000000001ba70000)

Polling page: 0x00000000005c0000

CodeCache: size=245760Kb used=10865Kb max_used=13223Kb free=234894Kb
 bounds [0x0000000002fa0000, 0x0000000003ce0000, 0x0000000011fa0000]
 total_blobs=2987 nmethods=2377 adapters=523
 compilation: enabled

Compilation events (10 events):
Event: 176.942 Thread 0x000000001feff800 nmethod 3006 0x00000000034f4090 code [0x00000000034f41e0, 0x00000000034f4298]
Event: 176.943 Thread 0x000000001ff16800 nmethod 3007 0x00000000034a1fd0 code [0x00000000034a2300, 0x00000000034a3fb8]
Event: 176.946 Thread 0x000000001feff000 3008       4       java.util.ArrayList::remove (69 bytes)
Event: 176.948 Thread 0x000000001feff000 nmethod 3008 0x0000000003205a90 code [0x0000000003205be0, 0x0000000003205d98]
Event: 195.570 Thread 0x000000001feeb000 3009 %     4       com.company.MPGDataset::<init> @ 158 (486 bytes)
Event: 195.577 Thread 0x000000001feff800 3010       4       java.util.Random::nextInt (74 bytes)
Event: 195.579 Thread 0x000000001feff800 nmethod 3010 0x0000000003162710 code [0x0000000003162860, 0x0000000003162a18]
Event: 195.587 Thread 0x000000001ff16800 3011 %     3       com.company.ACOBPAlgorithm::initVPMatValue @ 3 (105 bytes)
Event: 195.588 Thread 0x000000001ff16800 nmethod 3011% 0x0000000003449490 code [0x0000000003449680, 0x0000000003449c70]
Event: 195.633 Thread 0x000000001feeb000 nmethod 3009% 0x00000000036e4610 code [0x00000000036e4c00, 0x00000000036e7c88]

GC Heap History (10 events):
Event: 169.405 GC heap after
Heap after GC invocations=41 (full 0):
 PSYoungGen      total 1247232K, used 100576K [0x000000076ae00000, 0x00000007bff00000, 0x00000007c0000000)
  eden space 1105408K, 0% used [0x000000076ae00000,0x000000076ae00000,0x00000007ae580000)
  from space 141824K, 70% used [0x00000007ae580000,0x00000007b47b8000,0x00000007b7000000)
  to   space 139776K, 0% used [0x00000007b7680000,0x00000007b7680000,0x00000007bff00000)
 ParOldGen       total 175104K, used 129320K [0x00000006c0a00000, 0x00000006cb500000, 0x000000076ae00000)
  object space 175104K, 73% used [0x00000006c0a00000,0x00000006c884a310,0x00000006cb500000)
 Metaspace       used 18693K, capacity 19028K, committed 19328K, reserved 1067008K
  class space    used 2224K, capacity 2324K, committed 2432K, reserved 1048576K
}
Event: 175.060 GC heap before
{Heap before GC invocations=42 (full 0):
 PSYoungGen      total 1247232K, used 1205984K [0x000000076ae00000, 0x00000007bff00000, 0x00000007c0000000)
  eden space 1105408K, 100% used [0x000000076ae00000,0x00000007ae580000,0x00000007ae580000)
  from space 141824K, 70% used [0x00000007ae580000,0x00000007b47b8000,0x00000007b7000000)
  to   space 139776K, 0% used [0x00000007b7680000,0x00000007b7680000,0x00000007bff00000)
 ParOldGen       total 175104K, used 129320K [0x00000006c0a00000, 0x00000006cb500000, 0x000000076ae00000)
  object space 175104K, 73% used [0x00000006c0a00000,0x00000006c884a310,0x00000006cb500000)
 Metaspace       used 18693K, capacity 19028K, committed 19328K, reserved 1067008K
  class space    used 2224K, capacity 2324K, committed 2432K, reserved 1048576K
Event: 175.432 GC heap after
Heap after GC invocations=42 (full 0):
 PSYoungGen      total 1248768K, used 101312K [0x000000076ae00000, 0x00000007bfb00000, 0x00000007c0000000)
  eden space 1113088K, 0% used [0x000000076ae00000,0x000000076ae00000,0x00000007aed00000)
  from space 135680K, 74% used [0x00000007b7680000,0x00000007bd970000,0x00000007bfb00000)
  to   space 138240K, 0% used [0x00000007aed00000,0x00000007aed00000,0x00000007b7400000)
 ParOldGen       total 175104K, used 129728K [0x00000006c0a00000, 0x00000006cb500000, 0x000000076ae00000)
  object space 175104K, 74% used [0x00000006c0a00000,0x00000006c88b0310,0x00000006cb500000)
 Metaspace       used 18693K, capacity 19028K, committed 19328K, reserved 1067008K
  class space    used 2224K, capacity 2324K, committed 2432K, reserved 1048576K
}
Event: 181.256 GC heap before
{Heap before GC invocations=43 (full 0):
 PSYoungGen      total 1248768K, used 1214400K [0x000000076ae00000, 0x00000007bfb00000, 0x00000007c0000000)
  eden space 1113088K, 100% used [0x000000076ae00000,0x00000007aed00000,0x00000007aed00000)
  from space 135680K, 74% used [0x00000007b7680000,0x00000007bd970000,0x00000007bfb00000)
  to   space 138240K, 0% used [0x00000007aed00000,0x00000007aed00000,0x00000007b7400000)
 ParOldGen       total 175104K, used 129728K [0x00000006c0a00000, 0x00000006cb500000, 0x000000076ae00000)
  object space 175104K, 74% used [0x00000006c0a00000,0x00000006c88b0310,0x00000006cb500000)
 Metaspace       used 18694K, capacity 19028K, committed 19328K, reserved 1067008K
  class space    used 2224K, capacity 2324K, committed 2432K, reserved 1048576K
Event: 181.557 GC heap after
Heap after GC invocations=43 (full 0):
 PSYoungGen      total 1251328K, used 101536K [0x000000076ae00000, 0x00000007bff80000, 0x00000007c0000000)
  eden space 1113088K, 0% used [0x000000076ae00000,0x000000076ae00000,0x00000007aed00000)
  from space 138240K, 73% used [0x00000007aed00000,0x00000007b5028000,0x00000007b7400000)
  to   space 136704K, 0% used [0x00000007b7a00000,0x00000007b7a00000,0x00000007bff80000)
 ParOldGen       total 175104K, used 129888K [0x00000006c0a00000, 0x00000006cb500000, 0x000000076ae00000)
  object space 175104K, 74% used [0x00000006c0a00000,0x00000006c88d8310,0x00000006cb500000)
 Metaspace       used 18694K, capacity 19028K, committed 19328K, reserved 1067008K
  class space    used 2224K, capacity 2324K, committed 2432K, reserved 1048576K
}
Event: 187.124 GC heap before
{Heap before GC invocations=44 (full 0):
 PSYoungGen      total 1251328K, used 1214624K [0x000000076ae00000, 0x00000007bff80000, 0x00000007c0000000)
  eden space 1113088K, 100% used [0x000000076ae00000,0x00000007aed00000,0x00000007aed00000)
  from space 138240K, 73% used [0x00000007aed00000,0x00000007b5028000,0x00000007b7400000)
  to   space 136704K, 0% used [0x00000007b7a00000,0x00000007b7a00000,0x00000007bff80000)
 ParOldGen       total 175104K, used 129888K [0x00000006c0a00000, 0x00000006cb500000, 0x000000076ae00000)
  object space 175104K, 74% used [0x00000006c0a00000,0x00000006c88d8310,0x00000006cb500000)
 Metaspace       used 18694K, capacity 19028K, committed 19328K, reserved 1067008K
  class space    used 2224K, capacity 2324K, committed 2432K, reserved 1048576K
Event: 187.453 GC heap after
Heap after GC invocations=44 (full 0):
 PSYoungGen      total 1252352K, used 101632K [0x000000076ae00000, 0x00000007bfb80000, 0x00000007c0000000)
  eden space 1119744K, 0% used [0x000000076ae00000,0x000000076ae00000,0x00000007af380000)
  from space 132608K, 76% used [0x00000007b7a00000,0x00000007bdd40000,0x00000007bfb80000)
  to   space 135168K, 0% used [0x00000007af380000,0x00000007af380000,0x00000007b7780000)
 ParOldGen       total 175104K, used 130336K [0x00000006c0a00000, 0x00000006cb500000, 0x000000076ae00000)
  object space 175104K, 74% used [0x00000006c0a00000,0x00000006c8948310,0x00000006cb500000)
 Metaspace       used 18694K, capacity 19028K, committed 19328K, reserved 1067008K
  class space    used 2224K, capacity 2324K, committed 2432K, reserved 1048576K
}
Event: 193.201 GC heap before
{Heap before GC invocations=45 (full 0):
 PSYoungGen      total 1252352K, used 1221376K [0x000000076ae00000, 0x00000007bfb80000, 0x00000007c0000000)
  eden space 1119744K, 100% used [0x000000076ae00000,0x00000007af380000,0x00000007af380000)
  from space 132608K, 76% used [0x00000007b7a00000,0x00000007bdd40000,0x00000007bfb80000)
  to   space 135168K, 0% used [0x00000007af380000,0x00000007af380000,0x00000007b7780000)
 ParOldGen       total 175104K, used 130336K [0x00000006c0a00000, 0x00000006cb500000, 0x000000076ae00000)
  object space 175104K, 74% used [0x00000006c0a00000,0x00000006c8948310,0x00000006cb500000)
 Metaspace       used 18694K, capacity 19028K, committed 19328K, reserved 1067008K
  class space    used 2224K, capacity 2324K, committed 2432K, reserved 1048576K
Event: 193.535 GC heap after
Heap after GC invocations=45 (full 0):
 PSYoungGen      total 1254912K, used 102592K [0x000000076ae00000, 0x00000007bff80000, 0x00000007c0000000)
  eden space 1119744K, 0% used [0x000000076ae00000,0x000000076ae00000,0x00000007af380000)
  from space 135168K, 75% used [0x00000007af380000,0x00000007b57b0000,0x00000007b7780000)
  to   space 133632K, 0% used [0x00000007b7d00000,0x00000007b7d00000,0x00000007bff80000)
 ParOldGen       total 175104K, used 130512K [0x00000006c0a00000, 0x00000006cb500000, 0x000000076ae00000)
  object space 175104K, 74% used [0x00000006c0a00000,0x00000006c8974310,0x00000006cb500000)
 Metaspace       used 18694K, capacity 19028K, committed 19328K, reserved 1067008K
  class space    used 2224K, capacity 2324K, committed 2432K, reserved 1048576K
}
Event: 199.276 GC heap before
{Heap before GC invocations=46 (full 0):
 PSYoungGen      total 1254912K, used 1222336K [0x000000076ae00000, 0x00000007bff80000, 0x00000007c0000000)
  eden space 1119744K, 100% used [0x000000076ae00000,0x00000007af380000,0x00000007af380000)
  from space 135168K, 75% used [0x00000007af380000,0x00000007b57b0000,0x00000007b7780000)
  to   space 133632K, 0% used [0x00000007b7d00000,0x00000007b7d00000,0x00000007bff80000)
 ParOldGen       total 175104K, used 130512K [0x00000006c0a00000, 0x00000006cb500000, 0x000000076ae00000)
  object space 175104K, 74% used [0x00000006c0a00000,0x00000006c8974310,0x00000006cb500000)
 Metaspace       used 18694K, capacity 19028K, committed 19328K, reserved 1067008K
  class space    used 2224K, capacity 2324K, committed 2432K, reserved 1048576K

Deoptimization events (10 events):
Event: 49.498 Thread 0x00000000211d2000 Uncommon trap: reason=bimorphic action=maybe_recompile pc=0x00000000038f5720 method=org.nd4j.linalg.cpu.nativecpu.ops.NativeOpExecutioner.exec(Lorg/nd4j/linalg/api/ops/ReduceOp;)Lorg/nd4j/linalg/api/ndarray/INDArray; @ 1
Event: 49.500 Thread 0x00000000211d2000 Uncommon trap: reason=unstable_if action=reinterpret pc=0x0000000003a6ea94 method=org.nd4j.linalg.api.ndarray.BaseNDArray.subi(Lorg/nd4j/linalg/api/ndarray/INDArray;Lorg/nd4j/linalg/api/ndarray/INDArray;)Lorg/nd4j/linalg/api/ndarray/INDArray; @ 14
Event: 49.500 Thread 0x00000000211d2000 Uncommon trap: reason=bimorphic action=maybe_recompile pc=0x00000000038f5720 method=org.nd4j.linalg.cpu.nativecpu.ops.NativeOpExecutioner.exec(Lorg/nd4j/linalg/api/ops/ReduceOp;)Lorg/nd4j/linalg/api/ndarray/INDArray; @ 1
Event: 49.500 Thread 0x00000000211d2000 Uncommon trap: reason=bimorphic action=maybe_recompile pc=0x00000000038f5720 method=org.nd4j.linalg.cpu.nativecpu.ops.NativeOpExecutioner.exec(Lorg/nd4j/linalg/api/ops/ReduceOp;)Lorg/nd4j/linalg/api/ndarray/INDArray; @ 1
Event: 49.516 Thread 0x00000000211d2000 Uncommon trap: reason=bimorphic action=maybe_recompile pc=0x000000000352dcac method=java.util.stream.StreamOpFlag.fromCharacteristics(Ljava/util/Spliterator;)I @ 1
Event: 49.536 Thread 0x00000000211d2000 Uncommon trap: reason=unstable_if action=reinterpret pc=0x0000000003be7660 method=org.deeplearning4j.nn.multilayer.MultiLayerNetwork.doEvaluationHelper(Lorg/nd4j/linalg/dataset/api/iterator/DataSetIterator;[Lorg/nd4j/evaluation/IEvaluation;)[Lorg/nd4j/eva
Event: 52.600 Thread 0x00000000211d3000 Uncommon trap: reason=bimorphic action=maybe_recompile pc=0x000000000352dcac method=java.util.stream.StreamOpFlag.fromCharacteristics(Ljava/util/Spliterator;)I @ 1
Event: 52.618 Thread 0x00000000211d3000 Uncommon trap: reason=bimorphic action=maybe_recompile pc=0x000000000352dcac method=java.util.stream.StreamOpFlag.fromCharacteristics(Ljava/util/Spliterator;)I @ 1
Event: 89.287 Thread 0x00000000211d2000 Uncommon trap: reason=unstable_if action=reinterpret pc=0x0000000003bcf00c method=com.company.ACOBPAlgorithm.getTrainResult(Ljava/lang/Boolean;Ljava/lang/Boolean;Lcom/company/ACOBPAlgorithm$ProblemType;Ljava/util/Random;Lorg/nd4j/linalg/dataset/api/iterat
Event: 104.845 Thread 0x00000000211d7800 Uncommon trap: reason=unstable_if action=reinterpret pc=0x0000000003bcf00c method=com.company.ACOBPAlgorithm.getTrainResult(Ljava/lang/Boolean;Ljava/lang/Boolean;Lcom/company/ACOBPAlgorithm$ProblemType;Ljava/util/Random;Lorg/nd4j/linalg/dataset/api/iterat

Classes redefined (0 events):
No events

Internal exceptions (10 events):
Event: 4.226 Thread 0x00000000211d7800 Exception <a 'sun/nio/fs/WindowsException'> (0x000000076d92dd08) thrown at [C:\re\workspace\8-2-build-windows-amd64-cygwin\jdk8u162\10278\hotspot\src\share\vm\prims\jni.cpp, line 709]
Event: 4.227 Thread 0x00000000211d7800 Exception <a 'sun/nio/fs/WindowsException'> (0x000000076d92ede0) thrown at [C:\re\workspace\8-2-build-windows-amd64-cygwin\jdk8u162\10278\hotspot\src\share\vm\prims\jni.cpp, line 709]
Event: 4.272 Thread 0x00000000211d7800 Exception <a 'sun/nio/fs/WindowsException'> (0x000000076e3c33f0) thrown at [C:\re\workspace\8-2-build-windows-amd64-cygwin\jdk8u162\10278\hotspot\src\share\vm\prims\jni.cpp, line 709]
Event: 4.273 Thread 0x00000000211d7800 Exception <a 'sun/nio/fs/WindowsException'> (0x000000076e3c4538) thrown at [C:\re\workspace\8-2-build-windows-amd64-cygwin\jdk8u162\10278\hotspot\src\share\vm\prims\jni.cpp, line 709]
Event: 4.274 Thread 0x00000000211d7800 Exception <a 'sun/nio/fs/WindowsException'> (0x000000076e3c5610) thrown at [C:\re\workspace\8-2-build-windows-amd64-cygwin\jdk8u162\10278\hotspot\src\share\vm\prims\jni.cpp, line 709]
Event: 4.275 Thread 0x00000000211d7800 Exception <a 'sun/nio/fs/WindowsException'> (0x000000076e3c6708) thrown at [C:\re\workspace\8-2-build-windows-amd64-cygwin\jdk8u162\10278\hotspot\src\share\vm\prims\jni.cpp, line 709]
Event: 4.276 Thread 0x00000000211d7800 Exception <a 'sun/nio/fs/WindowsException'> (0x000000076e3c77b0) thrown at [C:\re\workspace\8-2-build-windows-amd64-cygwin\jdk8u162\10278\hotspot\src\share\vm\prims\jni.cpp, line 709]
Event: 4.277 Thread 0x00000000211d7800 Exception <a 'sun/nio/fs/WindowsException'> (0x000000076e3c88a8) thrown at [C:\re\workspace\8-2-build-windows-amd64-cygwin\jdk8u162\10278\hotspot\src\share\vm\prims\jni.cpp, line 709]
Event: 4.278 Thread 0x00000000211d7800 Exception <a 'sun/nio/fs/WindowsException'> (0x000000076e3c9930) thrown at [C:\re\workspace\8-2-build-windows-amd64-cygwin\jdk8u162\10278\hotspot\src\share\vm\prims\jni.cpp, line 709]
Event: 4.278 Thread 0x00000000211d7800 Exception <a 'sun/nio/fs/WindowsException'> (0x000000076e3caa08) thrown at [C:\re\workspace\8-2-build-windows-amd64-cygwin\jdk8u162\10278\hotspot\src\share\vm\prims\jni.cpp, line 709]

Events (10 events):
Event: 195.634 Thread 0x000000001feeb000 flushing nmethod 0x00000000038e70d0
Event: 195.634 Thread 0x000000001feeb000 flushing nmethod 0x000000000390b110
Event: 195.634 Thread 0x000000001feeb000 flushing nmethod 0x0000000003912fd0
Event: 195.634 Thread 0x000000001feeb000 flushing nmethod 0x0000000003914250
Event: 195.634 Thread 0x000000001feeb000 flushing nmethod 0x000000000391a910
Event: 195.634 Thread 0x000000001feeb000 flushing nmethod 0x000000000391b590
Event: 195.634 Thread 0x000000001feeb000 flushing nmethod 0x000000000391c490
Event: 195.634 Thread 0x000000001feeb000 flushing nmethod 0x000000000391c850
Event: 195.634 Thread 0x000000001feeb000 flushing nmethod 0x000000000391d410
Event: 199.275 Executing VM operation: ParallelGCFailedAllocation


Dynamic libraries:
0x00007ff6abc00000 - 0x00007ff6abc37000 	C:\Program Files\Java\jdk1.8.0_162\bin\java.exe
0x00007ffb817f0000 - 0x00007ffb819dd000 	C:\Windows\SYSTEM32\ntdll.dll
0x00007ffb803a0000 - 0x00007ffb80453000 	C:\Windows\System32\KERNEL32.DLL
0x00007ffb7da60000 - 0x00007ffb7dcf5000 	C:\Windows\System32\KERNELBASE.dll
0x00007ffb80c80000 - 0x00007ffb80d23000 	C:\Windows\System32\ADVAPI32.dll
0x00007ffb7eb90000 - 0x00007ffb7ec2e000 	C:\Windows\System32\msvcrt.dll
0x00007ffb80ae0000 - 0x00007ffb80b7e000 	C:\Windows\System32\sechost.dll
0x00007ffb815c0000 - 0x00007ffb816e2000 	C:\Windows\System32\RPCRT4.dll
0x00007ffb7ec90000 - 0x00007ffb7ee27000 	C:\Windows\System32\USER32.dll
0x00007ffb7e690000 - 0x00007ffb7e6b0000 	C:\Windows\System32\win32u.dll
0x00007ffb80b90000 - 0x00007ffb80bb9000 	C:\Windows\System32\GDI32.dll
0x00007ffb7dd00000 - 0x00007ffb7de99000 	C:\Windows\System32\gdi32full.dll
0x00007ffb7dea0000 - 0x00007ffb7df40000 	C:\Windows\System32\msvcp_win.dll
0x00007ffb7e6b0000 - 0x00007ffb7e7aa000 	C:\Windows\System32\ucrtbase.dll
0x00007ffb6a590000 - 0x00007ffb6a809000 	C:\Windows\WinSxS\amd64_microsoft.windows.common-controls_6595b64144ccf1df_6.0.17763.1217_none_de6e4304534e0ad3\COMCTL32.dll
0x00007ffb807b0000 - 0x00007ffb80adc000 	C:\Windows\System32\combase.dll
0x00007ffb7d8b0000 - 0x00007ffb7d92e000 	C:\Windows\System32\bcryptPrimitives.dll
0x00007ffb80bc0000 - 0x00007ffb80bee000 	C:\Windows\System32\IMM32.DLL
0x000000005fe60000 - 0x000000005ff31000 	C:\Program Files\Java\jdk1.8.0_162\jre\bin\msvcr100.dll
0x000000005f5c0000 - 0x000000005fe60000 	C:\Program Files\Java\jdk1.8.0_162\jre\bin\server\jvm.dll
0x00007ffb80c70000 - 0x00007ffb80c78000 	C:\Windows\System32\PSAPI.DLL
0x00007ffb794c0000 - 0x00007ffb794e4000 	C:\Windows\SYSTEM32\WINMM.dll
0x00007ffb79810000 - 0x00007ffb7981a000 	C:\Windows\SYSTEM32\VERSION.dll
0x00007ffb79710000 - 0x00007ffb79719000 	C:\Windows\SYSTEM32\WSOCK32.dll
0x00007ffb81750000 - 0x00007ffb817bd000 	C:\Windows\System32\WS2_32.dll
0x00007ffb792e0000 - 0x00007ffb7930d000 	C:\Windows\SYSTEM32\winmmbase.dll
0x00007ffb7d930000 - 0x00007ffb7d97a000 	C:\Windows\System32\cfgmgr32.dll
0x000000005f5b0000 - 0x000000005f5bf000 	C:\Program Files\Java\jdk1.8.0_162\jre\bin\verify.dll
0x000000005f580000 - 0x000000005f5a9000 	C:\Program Files\Java\jdk1.8.0_162\jre\bin\java.dll
0x000000005f4d0000 - 0x000000005f4f3000 	C:\Program Files\Java\jdk1.8.0_162\jre\bin\instrument.dll
0x000000005f560000 - 0x000000005f576000 	C:\Program Files\Java\jdk1.8.0_162\jre\bin\zip.dll
0x00007ffb7ee90000 - 0x00007ffb80384000 	C:\Windows\System32\SHELL32.dll
0x00007ffb80460000 - 0x00007ffb80508000 	C:\Windows\System32\shcore.dll
0x00007ffb7df40000 - 0x00007ffb7e68e000 	C:\Windows\System32\windows.storage.dll
0x00007ffb7d7e0000 - 0x00007ffb7d804000 	C:\Windows\System32\profapi.dll
0x00007ffb7d850000 - 0x00007ffb7d8ad000 	C:\Windows\System32\powrprof.dll
0x00007ffb816f0000 - 0x00007ffb81742000 	C:\Windows\System32\shlwapi.dll
0x00007ffb7d810000 - 0x00007ffb7d821000 	C:\Windows\System32\kernel.appcore.dll
0x00007ffb7e7b0000 - 0x00007ffb7e7c7000 	C:\Windows\System32\cryptsp.dll
0x00007ffb422e0000 - 0x00007ffb422fa000 	C:\Program Files\JetBrains\IntelliJ IDEA 2018.3.4\bin\breakgen64.dll
0x000000005f4b0000 - 0x000000005f4ca000 	C:\Program Files\Java\jdk1.8.0_162\jre\bin\net.dll
0x00007ffb7cfa0000 - 0x00007ffb7d007000 	C:\Windows\system32\mswsock.dll
0x000000005f3b0000 - 0x000000005f3c1000 	C:\Program Files\Java\jdk1.8.0_162\jre\bin\nio.dll
0x0000000064940000 - 0x0000000064955000 	C:\Users\lsxuy\.javacpp\cache\mkl-dnn-0.18.1-1.5-windows-x86_64.jar\org\bytedeco\mkldnn\windows-x86_64\libwinpthread-1.dll
0x0000000061440000 - 0x000000006145c000 	C:\Users\lsxuy\.javacpp\cache\mkl-dnn-0.18.1-1.5-windows-x86_64.jar\org\bytedeco\mkldnn\windows-x86_64\libgcc_s_seh-1.dll
0x0000000063600000 - 0x000000006362f000 	C:\Users\lsxuy\.javacpp\cache\mkl-dnn-0.18.1-1.5-windows-x86_64.jar\org\bytedeco\mkldnn\windows-x86_64\libgomp-1.dll
0x000000006fc40000 - 0x000000006fda6000 	C:\Users\lsxuy\.javacpp\cache\mkl-dnn-0.18.1-1.5-windows-x86_64.jar\org\bytedeco\mkldnn\windows-x86_64\libstdc++-6.dll
0x00007ffb35860000 - 0x00007ffb3594f000 	C:\Users\lsxuy\.javacpp\cache\mkl-dnn-0.18.1-1.5-windows-x86_64.jar\org\bytedeco\mkldnn\windows-x86_64\msvcr120.dll
0x00007ffb33920000 - 0x00007ffb33ae9000 	C:\Users\lsxuy\.javacpp\cache\mkl-dnn-0.18.1-1.5-windows-x86_64.jar\org\bytedeco\mkldnn\windows-x86_64\libiomp5md.dll
0x00007ffaef220000 - 0x00007ffaf4a91000 	C:\Users\lsxuy\.javacpp\cache\mkl-dnn-0.18.1-1.5-windows-x86_64.jar\org\bytedeco\mkldnn\windows-x86_64\mklml.dll
0x0000000062100000 - 0x000000006289a000 	C:\Users\lsxuy\.javacpp\cache\mkl-dnn-0.18.1-1.5-windows-x86_64.jar\org\bytedeco\mkldnn\windows-x86_64\libmkldnn.dll
0x0000000069480000 - 0x000000006d161000 	C:\Users\lsxuy\.javacpp\cache\nd4j-native-1.0.0-beta4-windows-x86_64.jar\org\nd4j\nativeblas\windows-x86_64\libnd4jcpu.dll
0x0000000066880000 - 0x0000000066b8d000 	C:\Users\lsxuy\.javacpp\cache\nd4j-native-1.0.0-beta4-windows-x86_64.jar\org\nd4j\nativeblas\windows-x86_64\jnind4jcpu.dll
0x00007ffae99a0000 - 0x00007ffaef211000 	C:\Users\lsxuy\.javacpp\cache\mkl-dnn-0.18.1-1.5-windows-x86_64.jar\org\bytedeco\mkldnn\windows-x86_64\libopenblas_nolapack.dll
0x0000000071000000 - 0x000000007105f000 	C:\Users\lsxuy\.javacpp\cache\openblas-0.3.5-1.5-windows-x86_64.jar\org\bytedeco\openblas\windows-x86_64\jniopenblas_nolapack.dll
0x00007ffb78250000 - 0x00007ffb7843d000 	C:\Windows\SYSTEM32\dbghelp.dll

VM Arguments:
jvm_args: -javaagent:C:\Program Files\JetBrains\IntelliJ IDEA 2018.3.4\lib\idea_rt.jar=3905:C:\Program Files\JetBrains\IntelliJ IDEA 2018.3.4\bin -Dfile.encoding=UTF-8 
java_command: com.company.Main
java_class_path (initial): C:\Program Files\Java\jdk1.8.0_162\jre\lib\charsets.jar;C:\Program Files\Java\jdk1.8.0_162\jre\lib\deploy.jar;C:\Program Files\Java\jdk1.8.0_162\jre\lib\ext\access-bridge-64.jar;C:\Program Files\Java\jdk1.8.0_162\jre\lib\ext\cldrdata.jar;C:\Program Files\Java\jdk1.8.0_162\jre\lib\ext\dnsns.jar;C:\Program Files\Java\jdk1.8.0_162\jre\lib\ext\jaccess.jar;C:\Program Files\Java\jdk1.8.0_162\jre\lib\ext\jfxrt.jar;C:\Program Files\Java\jdk1.8.0_162\jre\lib\ext\localedata.jar;C:\Program Files\Java\jdk1.8.0_162\jre\lib\ext\nashorn.jar;C:\Program Files\Java\jdk1.8.0_162\jre\lib\ext\sunec.jar;C:\Program Files\Java\jdk1.8.0_162\jre\lib\ext\sunjce_provider.jar;C:\Program Files\Java\jdk1.8.0_162\jre\lib\ext\sunmscapi.jar;C:\Program Files\Java\jdk1.8.0_162\jre\lib\ext\sunpkcs11.jar;C:\Program Files\Java\jdk1.8.0_162\jre\lib\ext\zipfs.jar;C:\Program Files\Java\jdk1.8.0_162\jre\lib\javaws.jar;C:\Program Files\Java\jdk1.8.0_162\jre\lib\jce.jar;C:\Program Files\Java\jdk1.8.0_162\jre\lib\jfr.jar;C:\Program Files\Java\jdk1.8.0_162\jre\lib\jfxswt.jar;C:\Program Files\Java\jdk1.8.0_162\jre\lib\jsse.jar;C:\Program Files\Java\jdk1.8.0_162\jre\lib\management-agent.jar;C:\Program Files\Java\jdk1.8.0_162\jre\lib\plugin.jar;C:\Program Files\Java\jdk1.8.0_162\jre\lib\resources.jar;C:\Program Files\Java\jdk1.8.0_162\jre\lib\rt.jar;C:\Users\lsxuy\Documents\GitHub\NN_ACO\target\classes;C:\Users\lsxuy\.m2\repository\org\deeplearning4j\deeplearning4j-core\1.0.0-beta4\deeplearning4j-core-1.0.0-beta4.jar;C:\Users\lsxuy\.m2\repository\org\deeplearning4j\deeplearning4j-tsne\1.0.0-beta4\deeplearning4j-tsne-1.0.0-beta4.jar;C:\Users\lsxuy\.m2\repository\org\deeplearning4j\nearestneighbor-core\1.0.0-beta4\nearestneighbor-core-1.0.0-beta4.jar;C:\Users\lsxuy\.m2\repository\org\deeplearning4j\deeplearning4j-datasets\1.0.0-beta4\deeplearning4j-datasets-1.0.0-beta4.jar;C:\Users\lsxuy\.m2\repository\org\deeplearning4j\deeplearning4j-common\1.0.0-beta4\deeplearning4j-common-1.0.0-beta4.
Launcher Type: SUN_STANDARD

Environment Variables:
JAVA_HOME=C:\Program Files\Java\jdk1.8.0_162
PATH=C:\ProgramData\DockerDesktop\version-bin;C:\Program Files\Docker\Docker\Resources\bin;C:\Program Files\NVIDIA GPU Computing Toolkit\CUDA\v10.0\bin;C:\Program Files\NVIDIA GPU Computing Toolkit\CUDA\v10.0\libnvvp;C:\ProgramData\Oracle\Java\javapath;C:\Windows\system32;C:\Windows;C:\Windows\System32\Wbem;C:\Windows\System32\WindowsPowerShell\v1.0\;C:\Windows\System32\OpenSSH\;C:\Program Files (x86)\NVIDIA Corporation\PhysX\Common;C:\Program Files\NVIDIA Corporation\NVIDIA NvDLISR;C:\Program Files\PuTTY\;D:\Program Files\matlab2016\runtime\win64;D:\Program Files\matlab2016\bin;D:\Program Files\matlab2016\polyspace\bin;C:\Program Files\Microsoft Network Monitor 3\;C:\Program Files\Microsoft SQL Server\120\Tools\Binn\;C:\Program Files\Microsoft SQL Server\Client SDK\ODBC\110\Tools\Binn\;C:\Program Files (x86)\Microsoft SQL Server\120\Tools\Binn\;C:\Program Files\Microsoft SQL Server\120\DTS\Binn\;D:\Program Files (x86)\MATLAB\MATLAB Runtime\v85\runtime\win32;C:\Users\lsxuy\AppData\Local\Microsoft\WindowsApps;C:\Program Files\JetBrains\IntelliJ IDEA 2018.3.4\bin;C:\Users\lsxuy\AppData\Local\GitHubDesktop\bin
USERNAME=lsxuy
OS=Windows_NT
PROCESSOR_IDENTIFIER=AMD64 Family 23 Model 1 Stepping 1, AuthenticAMD



---------------  S Y S T E M  ---------------

OS: Windows 10.0 , 64 bit Build 17763 (10.0.17763.1158)

CPU:total 12 (initial active 12) (12 cores per cpu, 1 threads per core) family 23 model 1 stepping 1, cmov, cx8, fxsr, mmx, sse, sse2, sse3, ssse3, sse4.1, sse4.2, popcnt, avx, avx2, aes, clmul, mmxext, 3dnowpref, lzcnt, sse4a, tsc, tscinvbit, tscinv, bmi1

Memory: 4k page, physical 16731620k(3758672k free), swap 27868804k(5263900k free)

vm_info: Java HotSpot(TM) 64-Bit Server VM (25.162-b12) for windows-amd64 JRE (1.8.0_162-b12), built on Dec 19 2017 20:00:03 by "java_re" with MS VC++ 10.0 (VS2010)

time: Sat Jul 25 15:53:30 2020
elapsed time: 199 seconds (0d 0h 3m 19s)

