#
# A fatal error has been detected by the Java Runtime Environment:
#
#  EXCEPTION_ACCESS_VIOLATION (0xc0000005) at pc=0x00000000031c3db4, pid=6240, tid=0x0000000000000d9c
#
# JRE version: Java(TM) SE Runtime Environment (8.0_162-b12) (build 1.8.0_162-b12)
# Java VM: Java HotSpot(TM) 64-Bit Server VM (25.162-b12 mixed mode windows-amd64 compressed oops)
# Problematic frame:
# J 1404 C1 org.bytedeco.javacpp.indexer.FloatRawIndexer.get(J)F (24 bytes) @ 0x00000000031c3db4 [0x00000000031c3c20+0x194]
#
# Failed to write core dump. Minidumps are not enabled by default on client versions of Windows
#
# If you would like to submit a bug report, please visit:
#   http://bugreport.java.com/bugreport/crash.jsp
#

---------------  T H R E A D  ---------------

Current thread (0x00000000029db800):  JavaThread "main" [_thread_in_Java, id=3484, stack(0x00000000028d0000,0x00000000029d0000)]

siginfo: ExceptionCode=0xc0000005, reading address 0x0000000028cc2190

Registers:
RAX=0x0000000028cc2190, RBX=0x0000000028cc2190, RCX=0x0000000770b5b040, RDX=0x0000000770a417a0
RSP=0x00000000029ce4b0, RBP=0x00000000029ce758, RSI=0x0000000022b6d9a8, RDI=0x00000000000038f8
R8 =0x0000000000000000, R9 =0x000000000000c400, R10=0x00000007c0179db0, R11=0x0000000000000000
R12=0x0000000000000000, R13=0x00000000029ce700, R14=0x00000007c017d230, R15=0x00000000029db800
RIP=0x00000000031c3db4, EFLAGS=0x0000000000010202

Top of Stack: (sp=0x00000000029ce4b0)
0x00000000029ce4b0:   0000000000000066 0000000000000000
0x00000000029ce4c0:   0000000770b5a8f8 0000000770b5b028
0x00000000029ce4d0:   0000000770b5b010 0000000770a416a8
0x00000000029ce4e0:   0000000770b5b040 0000000770b5b040
0x00000000029ce4f0:   00000000029ce4f0 000000001c5ddeeb
0x00000000029ce500:   00000000029ce570 000000001c5fbfd0
0x00000000029ce510:   0000000000000000 000000001c5ddf40
0x00000000029ce520:   0000000000000000 00000000029ce540
0x00000000029ce530:   00000000029ce5b8 0000000002c98254
0x00000000029ce540:   0000000000000066 0000000000000000
0x00000000029ce550:   00000000029ce758 00000000031925dc
0x00000000029ce560:   0000000770b5b010 0000000770a416a8
0x00000000029ce570:   0000000770b5b040 00000000029ce578
0x00000000029ce580:   000000001c4a06bd 00000000029ce5f8
0x00000000029ce590:   000000001c4db660 0000000000000000
0x00000000029ce5a0:   000000001c4a0718 0000000770a416a8 

Instructions: (pc=0x00000000031c3db4)
0x00000000031c3d94:   08 89 be dc 00 00 00 48 be a8 d9 b6 22 00 00 00
0x00000000031c3da4:   00 81 e7 f8 ff 7f 00 83 ff 00 0f 84 03 01 00 00
0x00000000031c3db4:   c4 a1 7a 10 04 83 48 81 c4 a0 00 00 00 5d 85 05
0x00000000031c3dc4:   38 c3 22 fd c3 4c 89 8c 24 80 00 00 00 48 89 5c 


Register to memory mapping:

RAX=0x0000000028cc2190 is an unknown value
RBX=0x0000000028cc2190 is an unknown value
RCX=0x0000000770b5b040 is an oop
org.nd4j.linalg.cpu.nativecpu.NDArray 
 - klass: 'org/nd4j/linalg/cpu/nativecpu/NDArray'
RDX=0x0000000770a417a0 is an oop
org.bytedeco.javacpp.indexer.FloatRawIndexer 
 - klass: 'org/bytedeco/javacpp/indexer/FloatRawIndexer'
RSP=0x00000000029ce4b0 is pointing into the stack for thread: 0x00000000029db800
RBP=0x00000000029ce758 is pointing into the stack for thread: 0x00000000029db800
RSI={method} {0x0000000022b6d9b0} 'getFloat' '(J)F' in 'org/bytedeco/javacpp/indexer/UnsafeRaw'
RDI=0x00000000000038f8 is an unknown value
R8 =0x0000000000000000 is an unknown value
R9 =0x000000000000c400 is an unknown value
R10=0x00000007c0179db0 is pointing into metadata
R11=0x0000000000000000 is an unknown value
R12=0x0000000000000000 is an unknown value
R13=0x00000000029ce700 is pointing into the stack for thread: 0x00000000029db800
R14=0x00000007c017d230 is pointing into metadata
R15=0x00000000029db800 is a thread


Stack: [0x00000000028d0000,0x00000000029d0000],  sp=0x00000000029ce4b0,  free space=1017k
Native frames: (J=compiled Java code, j=interpreted, Vv=VM code, C=native code)
C  0x00000000031c3db4


---------------  P R O C E S S  ---------------

Java Threads: ( => current thread )
  0x0000000021ca0800 JavaThread "DeallocatorServiceThread_1" daemon [_thread_blocked, id=5968, stack(0x0000000024530000,0x0000000024630000)]
  0x0000000021ca0000 JavaThread "DeallocatorServiceThread_0" daemon [_thread_blocked, id=9920, stack(0x0000000024430000,0x0000000024530000)]
  0x0000000020cfa800 JavaThread "JavaCPP Deallocator" daemon [_thread_blocked, id=11092, stack(0x0000000022930000,0x0000000022a30000)]
  0x000000002026e800 JavaThread "Service Thread" daemon [_thread_blocked, id=1768, stack(0x0000000020790000,0x0000000020890000)]
  0x00000000201be800 JavaThread "C1 CompilerThread3" daemon [_thread_blocked, id=15384, stack(0x0000000020690000,0x0000000020790000)]
  0x00000000201b6000 JavaThread "C2 CompilerThread2" daemon [_thread_blocked, id=16288, stack(0x0000000020590000,0x0000000020690000)]
  0x00000000201b5800 JavaThread "C2 CompilerThread1" daemon [_thread_blocked, id=10488, stack(0x0000000020490000,0x0000000020590000)]
  0x00000000201b4800 JavaThread "C2 CompilerThread0" daemon [_thread_blocked, id=12900, stack(0x0000000020390000,0x0000000020490000)]
  0x000000001e100800 JavaThread "JDWP Command Reader" daemon [_thread_in_native, id=11028, stack(0x000000001fa90000,0x000000001fb90000)]
  0x000000001e0fe000 JavaThread "JDWP Event Helper Thread" daemon [_thread_blocked, id=5348, stack(0x000000001f990000,0x000000001fa90000)]
  0x000000001e0f1000 JavaThread "JDWP Transport Listener: dt_socket" daemon [_thread_blocked, id=7328, stack(0x000000001f790000,0x000000001f890000)]
  0x000000001e0e5000 JavaThread "Attach Listener" daemon [_thread_blocked, id=3556, stack(0x000000001f5d0000,0x000000001f6d0000)]
  0x000000001e0e4000 JavaThread "Signal Dispatcher" daemon [_thread_blocked, id=424, stack(0x000000001f4d0000,0x000000001f5d0000)]
  0x000000001e063000 JavaThread "Finalizer" daemon [_thread_blocked, id=8512, stack(0x000000001f2d0000,0x000000001f3d0000)]
  0x000000001c9a3000 JavaThread "Reference Handler" daemon [_thread_blocked, id=10160, stack(0x000000001f1d0000,0x000000001f2d0000)]
=>0x00000000029db800 JavaThread "main" [_thread_in_Java, id=3484, stack(0x00000000028d0000,0x00000000029d0000)]

Other Threads:
  0x000000001c998800 VMThread [stack: 0x000000001f0d0000,0x000000001f1d0000] [id=7512]
  0x00000000202c6000 WatcherThread [stack: 0x0000000020890000,0x0000000020990000] [id=16316]

VM state:not at safepoint (normal execution)

VM Mutex/Monitor currently owned by a thread: None

Heap:
 PSYoungGen      total 165888K, used 144952K [0x000000076ae00000, 0x000000077a400000, 0x00000007c0000000)
  eden space 118272K, 82% used [0x000000076ae00000,0x0000000770d0f6d0,0x0000000772180000)
  from space 47616K, 99% used [0x0000000775c80000,0x0000000778afea28,0x0000000778b00000)
  to   space 60416K, 0% used [0x0000000772180000,0x0000000772180000,0x0000000775c80000)
 ParOldGen       total 175104K, used 53311K [0x00000006c0a00000, 0x00000006cb500000, 0x000000076ae00000)
  object space 175104K, 30% used [0x00000006c0a00000,0x00000006c3e0fdc8,0x00000006cb500000)
 Metaspace       used 18221K, capacity 18404K, committed 18688K, reserved 1064960K
  class space    used 2220K, capacity 2298K, committed 2304K, reserved 1048576K

Card table byte_map: [0x0000000012050000,0x0000000012850000] byte_map_base: 0x000000000ea4b000

Marking Bits: (ParMarkBitMap*) 0x0000000061b90860
 Begin Bits: [0x00000000137b0000, 0x0000000017788000)
 End Bits:   [0x0000000017788000, 0x000000001b760000)

Polling page: 0x00000000003f0000

CodeCache: size=245760Kb used=5624Kb max_used=5643Kb free=240135Kb
 bounds [0x0000000002c90000, 0x0000000003220000, 0x0000000011c90000]
 total_blobs=2085 nmethods=1509 adapters=497
 compilation: enabled

Compilation events (10 events):
Event: 8.731 Thread 0x00000000201be800 1516       3       org.nd4j.base.Preconditions::checkState (21 bytes)
Event: 8.731 Thread 0x00000000201be800 nmethod 1516 0x000000000320ec50 code [0x000000000320ee00, 0x000000000320f3d8]
Event: 8.731 Thread 0x00000000201be800 1522       3       org.nd4j.linalg.api.ndarray.BaseNDArray::get (1219 bytes)
Event: 8.732 Thread 0x00000000201b5800 1523       4       java.util.Formatter$FormatSpecifier::justify (105 bytes)
Event: 8.734 Thread 0x00000000201be800 

Event: 8.734 Thread 0x00000000201be800 1521       3       org.nd4j.linalg.factory.Nd4j::createBuffer (12 bytes)
Event: 8.734 Thread 0x00000000201be800 nmethod 1521 0x0000000002dadcd0 code [0x0000000002dade40, 0x0000000002dae028]
Event: 8.741 Thread 0x00000000201b6000 nmethod 1513 0x0000000003212150 code [0x0000000003212360, 0x0000000003213698]
Event: 8.755 Thread 0x00000000201b5800 nmethod 1523 0x0000000003214c10 code [0x0000000003214de0, 0x0000000003215dd8]
Event: 8.759 Thread 0x00000000201b4800 nmethod 1512 0x000000000321a1d0 code [0x000000000321a400, 0x000000000321bf98]

GC Heap History (10 events):
Event: 1.832 GC heap before
{Heap before GC invocations=2 (full 0):
 PSYoungGen      total 76288K, used 72890K [0x000000076ae00000, 0x0000000770300000, 0x00000007c0000000)
  eden space 65536K, 100% used [0x000000076ae00000,0x000000076ee00000,0x000000076ee00000)
  from space 10752K, 68% used [0x000000076ee00000,0x000000076f52eac8,0x000000076f880000)
  to   space 10752K, 0% used [0x000000076f880000,0x000000076f880000,0x0000000770300000)
 ParOldGen       total 175104K, used 8K [0x00000006c0a00000, 0x00000006cb500000, 0x000000076ae00000)
  object space 175104K, 0% used [0x00000006c0a00000,0x00000006c0a02000,0x00000006cb500000)
 Metaspace       used 10199K, capacity 10360K, committed 10496K, reserved 1058816K
  class space    used 1428K, capacity 1496K, committed 1536K, reserved 1048576K
Event: 1.835 GC heap after
Heap after GC invocations=2 (full 0):
 PSYoungGen      total 76288K, used 2572K [0x000000076ae00000, 0x0000000770300000, 0x00000007c0000000)
  eden space 65536K, 0% used [0x000000076ae00000,0x000000076ae00000,0x000000076ee00000)
  from space 10752K, 23% used [0x000000076f880000,0x000000076fb030b8,0x0000000770300000)
  to   space 10752K, 0% used [0x000000076ee00000,0x000000076ee00000,0x000000076f880000)
 ParOldGen       total 175104K, used 16K [0x00000006c0a00000, 0x00000006cb500000, 0x000000076ae00000)
  object space 175104K, 0% used [0x00000006c0a00000,0x00000006c0a04000,0x00000006cb500000)
 Metaspace       used 10199K, capacity 10360K, committed 10496K, reserved 1058816K
  class space    used 1428K, capacity 1496K, committed 1536K, reserved 1048576K
}
Event: 2.102 GC heap before
{Heap before GC invocations=3 (full 0):
 PSYoungGen      total 76288K, used 68108K [0x000000076ae00000, 0x0000000770300000, 0x00000007c0000000)
  eden space 65536K, 100% used [0x000000076ae00000,0x000000076ee00000,0x000000076ee00000)
  from space 10752K, 23% used [0x000000076f880000,0x000000076fb030b8,0x0000000770300000)
  to   space 10752K, 0% used [0x000000076ee00000,0x000000076ee00000,0x000000076f880000)
 ParOldGen       total 175104K, used 16K [0x00000006c0a00000, 0x00000006cb500000, 0x000000076ae00000)
  object space 175104K, 0% used [0x00000006c0a00000,0x00000006c0a04000,0x00000006cb500000)
 Metaspace       used 10423K, capacity 10622K, committed 10752K, reserved 1058816K
  class space    used 1442K, capacity 1497K, committed 1536K, reserved 1048576K
Event: 2.104 GC heap after
Heap after GC invocations=3 (full 0):
 PSYoungGen      total 76288K, used 2615K [0x000000076ae00000, 0x0000000770300000, 0x00000007c0000000)
  eden space 65536K, 0% used [0x000000076ae00000,0x000000076ae00000,0x000000076ee00000)
  from space 10752K, 24% used [0x000000076ee00000,0x000000076f08de70,0x000000076f880000)
  to   space 10752K, 0% used [0x000000076f880000,0x000000076f880000,0x0000000770300000)
 ParOldGen       total 175104K, used 24K [0x00000006c0a00000, 0x00000006cb500000, 0x000000076ae00000)
  object space 175104K, 0% used [0x00000006c0a00000,0x00000006c0a06000,0x00000006cb500000)
 Metaspace       used 10423K, capacity 10622K, committed 10752K, reserved 1058816K
  class space    used 1442K, capacity 1497K, committed 1536K, reserved 1048576K
}
Event: 2.638 GC heap before
{Heap before GC invocations=4 (full 0):
 PSYoungGen      total 76288K, used 68151K [0x000000076ae00000, 0x0000000770300000, 0x00000007c0000000)
  eden space 65536K, 100% used [0x000000076ae00000,0x000000076ee00000,0x000000076ee00000)
  from space 10752K, 24% used [0x000000076ee00000,0x000000076f08de70,0x000000076f880000)
  to   space 10752K, 0% used [0x000000076f880000,0x000000076f880000,0x0000000770300000)
 ParOldGen       total 175104K, used 24K [0x00000006c0a00000, 0x00000006cb500000, 0x000000076ae00000)
  object space 175104K, 0% used [0x00000006c0a00000,0x00000006c0a06000,0x00000006cb500000)
 Metaspace       used 11450K, capacity 11614K, committed 11904K, reserved 1058816K
  class space    used 1529K, capacity 1593K, committed 1664K, reserved 1048576K
Event: 2.640 GC heap after
Heap after GC invocations=4 (full 0):
 PSYoungGen      total 76288K, used 3101K [0x000000076ae00000, 0x0000000770300000, 0x00000007c0000000)
  eden space 65536K, 0% used [0x000000076ae00000,0x000000076ae00000,0x000000076ee00000)
  from space 10752K, 28% used [0x000000076f880000,0x000000076fb87678,0x0000000770300000)
  to   space 10752K, 0% used [0x000000076ee00000,0x000000076ee00000,0x000000076f880000)
 ParOldGen       total 175104K, used 32K [0x00000006c0a00000, 0x00000006cb500000, 0x000000076ae00000)
  object space 175104K, 0% used [0x00000006c0a00000,0x00000006c0a08000,0x00000006cb500000)
 Metaspace       used 11450K, capacity 11614K, committed 11904K, reserved 1058816K
  class space    used 1529K, capacity 1593K, committed 1664K, reserved 1048576K
}
Event: 3.023 GC heap before
{Heap before GC invocations=5 (full 0):
 PSYoungGen      total 76288K, used 68637K [0x000000076ae00000, 0x0000000770300000, 0x00000007c0000000)
  eden space 65536K, 100% used [0x000000076ae00000,0x000000076ee00000,0x000000076ee00000)
  from space 10752K, 28% used [0x000000076f880000,0x000000076fb87678,0x0000000770300000)
  to   space 10752K, 0% used [0x000000076ee00000,0x000000076ee00000,0x000000076f880000)
 ParOldGen       total 175104K, used 32K [0x00000006c0a00000, 0x00000006cb500000, 0x000000076ae00000)
  object space 175104K, 0% used [0x00000006c0a00000,0x00000006c0a08000,0x00000006cb500000)
 Metaspace       used 11972K, capacity 12158K, committed 12416K, reserved 1060864K
  class space    used 1568K, capacity 1625K, committed 1664K, reserved 1048576K
Event: 3.042 GC heap after
Heap after GC invocations=5 (full 0):
 PSYoungGen      total 76288K, used 10725K [0x000000076ae00000, 0x0000000778b00000, 0x00000007c0000000)
  eden space 65536K, 0% used [0x000000076ae00000,0x000000076ae00000,0x000000076ee00000)
  from space 10752K, 99% used [0x000000076ee00000,0x000000076f8796e8,0x000000076f880000)
  to   space 47616K, 0% used [0x0000000775c80000,0x0000000775c80000,0x0000000778b00000)
 ParOldGen       total 175104K, used 53229K [0x00000006c0a00000, 0x00000006cb500000, 0x000000076ae00000)
  object space 175104K, 30% used [0x00000006c0a00000,0x00000006c3dfb428,0x00000006cb500000)
 Metaspace       used 11972K, capacity 12158K, committed 12416K, reserved 1060864K
  class space    used 1568K, capacity 1625K, committed 1664K, reserved 1048576K
}
Event: 3.381 GC heap before
{Heap before GC invocations=6 (full 0):
 PSYoungGen      total 76288K, used 76261K [0x000000076ae00000, 0x0000000778b00000, 0x00000007c0000000)
  eden space 65536K, 100% used [0x000000076ae00000,0x000000076ee00000,0x000000076ee00000)
  from space 10752K, 99% used [0x000000076ee00000,0x000000076f8796e8,0x000000076f880000)
  to   space 47616K, 0% used [0x0000000775c80000,0x0000000775c80000,0x0000000778b00000)
 ParOldGen       total 175104K, used 53229K [0x00000006c0a00000, 0x00000006cb500000, 0x000000076ae00000)
  object space 175104K, 30% used [0x00000006c0a00000,0x00000006c3dfb428,0x00000006cb500000)
 Metaspace       used 12102K, capacity 12318K, committed 12416K, reserved 1060864K
  class space    used 1584K, capacity 1657K, committed 1664K, reserved 1048576K
Event: 3.395 GC heap after
Heap after GC invocations=6 (full 0):
 PSYoungGen      total 165888K, used 47610K [0x000000076ae00000, 0x000000077a400000, 0x00000007c0000000)
  eden space 118272K, 0% used [0x000000076ae00000,0x000000076ae00000,0x0000000772180000)
  from space 47616K, 99% used [0x0000000775c80000,0x0000000778afea28,0x0000000778b00000)
  to   space 60416K, 0% used [0x0000000772180000,0x0000000772180000,0x0000000775c80000)
 ParOldGen       total 175104K, used 53311K [0x00000006c0a00000, 0x00000006cb500000, 0x000000076ae00000)
  object space 175104K, 30% used [0x00000006c0a00000,0x00000006c3e0fdc8,0x00000006cb500000)
 Metaspace       used 12102K, capacity 12318K, committed 12416K, reserved 1060864K
  class space    used 1584K, capacity 1657K, committed 1664K, reserved 1048576K
}

Deoptimization events (10 events):
Event: 2.983 Thread 0x00000000029db800 Uncommon trap: reason=unstable_if action=reinterpret pc=0x00000000030912d0 method=java.util.zip.CheckedInputStream.read([BII)I @ 13
Event: 2.989 Thread 0x00000000029db800 Uncommon trap: reason=unstable_if action=reinterpret pc=0x000000000308d91c method=java.util.Random.nextInt(I)I @ 28
Event: 3.139 Thread 0x00000000029db800 Uncommon trap: reason=unstable_if action=reinterpret pc=0x0000000003095f2c method=org.deeplearning4j.datasets.mnist.MnistImageFile.readImagesUnsafe(I)[[B @ 11
Event: 3.238 Thread 0x00000000029db800 Uncommon trap: reason=unstable_if action=reinterpret pc=0x00000000030957d4 method=org.deeplearning4j.datasets.mnist.MnistLabelFile.readLabels(I)[I @ 8
Event: 3.862 Thread 0x00000000029db800 Uncommon trap: reason=class_check action=maybe_recompile pc=0x0000000002f8ee44 method=java.util.HashMap.putVal(ILjava/lang/Object;Ljava/lang/Object;ZZ)Ljava/lang/Object; @ 203
Event: 3.864 Thread 0x00000000029db800 Uncommon trap: reason=class_check action=maybe_recompile pc=0x0000000002f8ee44 method=java.util.HashMap.putVal(ILjava/lang/Object;Ljava/lang/Object;ZZ)Ljava/lang/Object; @ 203
Event: 3.878 Thread 0x00000000029db800 Uncommon trap: reason=class_check action=maybe_recompile pc=0x0000000002f8ee44 method=java.util.HashMap.putVal(ILjava/lang/Object;Ljava/lang/Object;ZZ)Ljava/lang/Object; @ 203
Event: 3.879 Thread 0x00000000029db800 Uncommon trap: reason=class_check action=maybe_recompile pc=0x0000000002f8c058 method=java.util.HashMap.putVal(ILjava/lang/Object;Ljava/lang/Object;ZZ)Ljava/lang/Object; @ 203
Event: 5.492 Thread 0x0000000021ca1800 Uncommon trap: reason=unstable_if action=reinterpret pc=0x0000000003179e9c method=java.lang.ThreadLocal.get()Ljava/lang/Object; @ 11
Event: 5.507 Thread 0x00000000029db800 Uncommon trap: reason=unstable_if action=reinterpret pc=0x000000000317d1b4 method=org.nd4j.linalg.api.shape.options.ArrayOptionsHelper.arrayType([J)Lorg/nd4j/linalg/api/shape/options/ArrayType; @ 40

Classes redefined (0 events):
No events

Internal exceptions (10 events):
Event: 3.451 Thread 0x00000000029db800 Exception <a 'sun/nio/fs/WindowsException'> (0x000000076c054bb0) thrown at [C:\re\workspace\8-2-build-windows-amd64-cygwin\jdk8u162\10278\hotspot\src\share\vm\prims\jni.cpp, line 709]
Event: 3.484 Thread 0x00000000029db800 Exception <a 'sun/nio/fs/WindowsException'> (0x000000076caf8600) thrown at [C:\re\workspace\8-2-build-windows-amd64-cygwin\jdk8u162\10278\hotspot\src\share\vm\prims\jni.cpp, line 709]
Event: 3.485 Thread 0x00000000029db800 Exception <a 'sun/nio/fs/WindowsException'> (0x000000076caf9790) thrown at [C:\re\workspace\8-2-build-windows-amd64-cygwin\jdk8u162\10278\hotspot\src\share\vm\prims\jni.cpp, line 709]
Event: 3.485 Thread 0x00000000029db800 Exception <a 'sun/nio/fs/WindowsException'> (0x000000076cafa8b0) thrown at [C:\re\workspace\8-2-build-windows-amd64-cygwin\jdk8u162\10278\hotspot\src\share\vm\prims\jni.cpp, line 709]
Event: 3.486 Thread 0x00000000029db800 Exception <a 'sun/nio/fs/WindowsException'> (0x000000076cafb9f0) thrown at [C:\re\workspace\8-2-build-windows-amd64-cygwin\jdk8u162\10278\hotspot\src\share\vm\prims\jni.cpp, line 709]
Event: 3.487 Thread 0x00000000029db800 Exception <a 'sun/nio/fs/WindowsException'> (0x000000076cafcae0) thrown at [C:\re\workspace\8-2-build-windows-amd64-cygwin\jdk8u162\10278\hotspot\src\share\vm\prims\jni.cpp, line 709]
Event: 3.487 Thread 0x00000000029db800 Exception <a 'sun/nio/fs/WindowsException'> (0x000000076cafdc20) thrown at [C:\re\workspace\8-2-build-windows-amd64-cygwin\jdk8u162\10278\hotspot\src\share\vm\prims\jni.cpp, line 709]
Event: 3.488 Thread 0x00000000029db800 Exception <a 'sun/nio/fs/WindowsException'> (0x000000076cafecf0) thrown at [C:\re\workspace\8-2-build-windows-amd64-cygwin\jdk8u162\10278\hotspot\src\share\vm\prims\jni.cpp, line 709]
Event: 3.488 Thread 0x00000000029db800 Exception <a 'sun/nio/fs/WindowsException'> (0x000000076caffe10) thrown at [C:\re\workspace\8-2-build-windows-amd64-cygwin\jdk8u162\10278\hotspot\src\share\vm\prims\jni.cpp, line 709]
Event: 5.492 Thread 0x0000000021ca1800 Implicit null exception at 0x0000000003179d52 to 0x0000000003179e81

Events (10 events):
Event: 11.486 Executing VM operation: ForceSafepoint
Event: 11.486 Executing VM operation: ForceSafepoint done
Event: 11.491 Executing VM operation: ForceSafepoint
Event: 11.491 Executing VM operation: ForceSafepoint done
Event: 11.491 Executing VM operation: ForceSafepoint
Event: 11.491 Executing VM operation: ForceSafepoint done
Event: 11.499 Executing VM operation: ForceSafepoint
Event: 11.499 Executing VM operation: ForceSafepoint done
Event: 11.499 Executing VM operation: ForceSafepoint
Event: 11.499 Executing VM operation: ForceSafepoint done


Dynamic libraries:
0x00007ff645670000 - 0x00007ff6456a7000 	C:\Program Files\Java\jdk1.8.0_162\bin\java.exe
0x00007ff8984d0000 - 0x00007ff8986bd000 	C:\Windows\SYSTEM32\ntdll.dll
0x00007ff8976a0000 - 0x00007ff897753000 	C:\Windows\System32\KERNEL32.DLL
0x00007ff895400000 - 0x00007ff895695000 	C:\Windows\System32\KERNELBASE.dll
0x00007ff897440000 - 0x00007ff8974e3000 	C:\Windows\System32\ADVAPI32.dll
0x00007ff897920000 - 0x00007ff8979be000 	C:\Windows\System32\msvcrt.dll
0x00007ff895c00000 - 0x00007ff895c9e000 	C:\Windows\System32\sechost.dll
0x00007ff8977f0000 - 0x00007ff897912000 	C:\Windows\System32\RPCRT4.dll
0x00007ff897a20000 - 0x00007ff897bb7000 	C:\Windows\System32\USER32.dll
0x00007ff895380000 - 0x00007ff8953a0000 	C:\Windows\System32\win32u.dll
0x00007ff897760000 - 0x00007ff897789000 	C:\Windows\System32\GDI32.dll
0x00007ff894e50000 - 0x00007ff894fe9000 	C:\Windows\System32\gdi32full.dll
0x00007ff894590000 - 0x00007ff894630000 	C:\Windows\System32\msvcp_win.dll
0x00007ff894ff0000 - 0x00007ff8950ea000 	C:\Windows\System32\ucrtbase.dll
0x00007ff889100000 - 0x00007ff889379000 	C:\Windows\WinSxS\amd64_microsoft.windows.common-controls_6595b64144ccf1df_6.0.17763.1217_none_de6e4304534e0ad3\COMCTL32.dll
0x00007ff897bd0000 - 0x00007ff897efc000 	C:\Windows\System32\combase.dll
0x00007ff894da0000 - 0x00007ff894e1e000 	C:\Windows\System32\bcryptPrimitives.dll
0x00007ff898190000 - 0x00007ff8981be000 	C:\Windows\System32\IMM32.DLL
0x0000000061c10000 - 0x0000000061ce1000 	C:\Program Files\Java\jdk1.8.0_162\jre\bin\msvcr100.dll
0x0000000061370000 - 0x0000000061c10000 	C:\Program Files\Java\jdk1.8.0_162\jre\bin\server\jvm.dll
0x00007ff897bc0000 - 0x00007ff897bc8000 	C:\Windows\System32\PSAPI.DLL
0x00007ff86b420000 - 0x00007ff86b429000 	C:\Windows\SYSTEM32\WSOCK32.dll
0x00007ff890e90000 - 0x00007ff890eb4000 	C:\Windows\SYSTEM32\WINMM.dll
0x00007ff890380000 - 0x00007ff89038a000 	C:\Windows\SYSTEM32\VERSION.dll
0x00007ff8974f0000 - 0x00007ff89755d000 	C:\Windows\System32\WS2_32.dll
0x00007ff890e50000 - 0x00007ff890e7d000 	C:\Windows\SYSTEM32\winmmbase.dll
0x00007ff8956a0000 - 0x00007ff8956ea000 	C:\Windows\System32\cfgmgr32.dll
0x00000000625e0000 - 0x00000000625ef000 	C:\Program Files\Java\jdk1.8.0_162\jre\bin\verify.dll
0x00000000625b0000 - 0x00000000625d9000 	C:\Program Files\Java\jdk1.8.0_162\jre\bin\java.dll
0x0000000062550000 - 0x0000000062585000 	C:\Program Files\Java\jdk1.8.0_162\jre\bin\jdwp.dll
0x0000000062540000 - 0x0000000062548000 	C:\Program Files\Java\jdk1.8.0_162\jre\bin\npt.dll
0x0000000061340000 - 0x0000000061363000 	C:\Program Files\Java\jdk1.8.0_162\jre\bin\instrument.dll
0x0000000062590000 - 0x00000000625a6000 	C:\Program Files\Java\jdk1.8.0_162\jre\bin\zip.dll
0x00007ff895ca0000 - 0x00007ff897194000 	C:\Windows\System32\SHELL32.dll
0x00007ff898270000 - 0x00007ff898318000 	C:\Windows\System32\shcore.dll
0x00007ff894650000 - 0x00007ff894d9e000 	C:\Windows\System32\windows.storage.dll
0x00007ff8944c0000 - 0x00007ff8944e4000 	C:\Windows\System32\profapi.dll
0x00007ff8944f0000 - 0x00007ff89454d000 	C:\Windows\System32\powrprof.dll
0x00007ff897790000 - 0x00007ff8977e2000 	C:\Windows\System32\shlwapi.dll
0x00007ff894550000 - 0x00007ff894561000 	C:\Windows\System32\kernel.appcore.dll
0x00007ff894630000 - 0x00007ff894647000 	C:\Windows\System32\cryptsp.dll
0x0000000061330000 - 0x0000000061339000 	C:\Program Files\Java\jdk1.8.0_162\jre\bin\dt_socket.dll
0x00007ff871e80000 - 0x00007ff871ee1000 	C:\Windows\system32\XunYouNt64.dll
0x00007ff8939b0000 - 0x00007ff8939ed000 	C:\Windows\SYSTEM32\IPHLPAPI.DLL
0x00007ff8956f0000 - 0x00007ff8956f8000 	C:\Windows\System32\NSI.dll
0x00007ff88e800000 - 0x00007ff88e81c000 	C:\Windows\SYSTEM32\dhcpcsvc.DLL
0x00007ff893c80000 - 0x00007ff893ce7000 	C:\Windows\system32\mswsock.dll
0x00007ff887fe0000 - 0x00007ff887fea000 	C:\Windows\system32\wshqos.dll
0x00007ff887fd0000 - 0x00007ff887fd8000 	C:\Windows\SYSTEM32\wshtcpip.DLL
0x00007ff887fc0000 - 0x00007ff887fc8000 	C:\Windows\SYSTEM32\wship6.dll
0x00007ff893810000 - 0x00007ff893843000 	C:\Windows\system32\rsaenh.dll
0x00007ff894e20000 - 0x00007ff894e46000 	C:\Windows\System32\bcrypt.dll
0x00007ff8943f0000 - 0x00007ff894418000 	C:\Windows\SYSTEM32\USERENV.dll
0x00007ff893e00000 - 0x00007ff893e0c000 	C:\Windows\SYSTEM32\CRYPTBASE.dll
0x0000000061310000 - 0x000000006132a000 	C:\Program Files\Java\jdk1.8.0_162\jre\bin\net.dll
0x00007ff88e890000 - 0x00007ff88e8a6000 	C:\Windows\SYSTEM32\dhcpcsvc6.DLL
0x00007ff8939f0000 - 0x00007ff893ab7000 	C:\Windows\SYSTEM32\DNSAPI.dll
0x00000000612f0000 - 0x0000000061301000 	C:\Program Files\Java\jdk1.8.0_162\jre\bin\nio.dll
0x0000000064940000 - 0x0000000064955000 	C:\Users\lsxuy\.javacpp\cache\mkl-dnn-0.18.1-1.5-windows-x86_64.jar\org\bytedeco\mkldnn\windows-x86_64\libwinpthread-1.dll
0x0000000002c40000 - 0x0000000002c5c000 	C:\Users\lsxuy\.javacpp\cache\mkl-dnn-0.18.1-1.5-windows-x86_64.jar\org\bytedeco\mkldnn\windows-x86_64\libgcc_s_seh-1.dll
0x0000000063600000 - 0x000000006362f000 	C:\Users\lsxuy\.javacpp\cache\mkl-dnn-0.18.1-1.5-windows-x86_64.jar\org\bytedeco\mkldnn\windows-x86_64\libgomp-1.dll
0x000000006fc40000 - 0x000000006fda6000 	C:\Users\lsxuy\.javacpp\cache\mkl-dnn-0.18.1-1.5-windows-x86_64.jar\org\bytedeco\mkldnn\windows-x86_64\libstdc++-6.dll
0x00007ff87caa0000 - 0x00007ff87cb8f000 	C:\Users\lsxuy\.javacpp\cache\mkl-dnn-0.18.1-1.5-windows-x86_64.jar\org\bytedeco\mkldnn\windows-x86_64\msvcr120.dll
0x00007ff87c8d0000 - 0x00007ff87ca99000 	C:\Users\lsxuy\.javacpp\cache\mkl-dnn-0.18.1-1.5-windows-x86_64.jar\org\bytedeco\mkldnn\windows-x86_64\libiomp5md.dll
0x00007ff828920000 - 0x00007ff82e191000 	C:\Users\lsxuy\.javacpp\cache\mkl-dnn-0.18.1-1.5-windows-x86_64.jar\org\bytedeco\mkldnn\windows-x86_64\mklml.dll
0x0000000022d30000 - 0x00000000234ca000 	C:\Users\lsxuy\.javacpp\cache\mkl-dnn-0.18.1-1.5-windows-x86_64.jar\org\bytedeco\mkldnn\windows-x86_64\libmkldnn.dll
0x0000000069480000 - 0x000000006d161000 	C:\Users\lsxuy\.javacpp\cache\nd4j-native-1.0.0-beta4-windows-x86_64.jar\org\nd4j\nativeblas\windows-x86_64\libnd4jcpu.dll
0x0000000066880000 - 0x0000000066b8d000 	C:\Users\lsxuy\.javacpp\cache\nd4j-native-1.0.0-beta4-windows-x86_64.jar\org\nd4j\nativeblas\windows-x86_64\jnind4jcpu.dll
0x00007ff8230a0000 - 0x00007ff828911000 	C:\Users\lsxuy\.javacpp\cache\mkl-dnn-0.18.1-1.5-windows-x86_64.jar\org\bytedeco\mkldnn\windows-x86_64\libopenblas_nolapack.dll
0x0000000071000000 - 0x000000007105f000 	C:\Users\lsxuy\.javacpp\cache\openblas-0.3.5-1.5-windows-x86_64.jar\org\bytedeco\openblas\windows-x86_64\jniopenblas_nolapack.dll
0x00007ff8816b0000 - 0x00007ff88189d000 	C:\Windows\SYSTEM32\dbghelp.dll

VM Arguments:
jvm_args: -agentlib:jdwp=transport=dt_socket,address=127.0.0.1:2397,suspend=y,server=n -javaagent:C:\Users\lsxuy\.IntelliJIdea2018.3\system\captureAgent\debugger-agent.jar -Dfile.encoding=UTF-8 
java_command: com.company.Main
java_class_path (initial): C:\Program Files\Java\jdk1.8.0_162\jre\lib\charsets.jar;C:\Program Files\Java\jdk1.8.0_162\jre\lib\deploy.jar;C:\Program Files\Java\jdk1.8.0_162\jre\lib\ext\access-bridge-64.jar;C:\Program Files\Java\jdk1.8.0_162\jre\lib\ext\cldrdata.jar;C:\Program Files\Java\jdk1.8.0_162\jre\lib\ext\dnsns.jar;C:\Program Files\Java\jdk1.8.0_162\jre\lib\ext\jaccess.jar;C:\Program Files\Java\jdk1.8.0_162\jre\lib\ext\jfxrt.jar;C:\Program Files\Java\jdk1.8.0_162\jre\lib\ext\localedata.jar;C:\Program Files\Java\jdk1.8.0_162\jre\lib\ext\nashorn.jar;C:\Program Files\Java\jdk1.8.0_162\jre\lib\ext\sunec.jar;C:\Program Files\Java\jdk1.8.0_162\jre\lib\ext\sunjce_provider.jar;C:\Program Files\Java\jdk1.8.0_162\jre\lib\ext\sunmscapi.jar;C:\Program Files\Java\jdk1.8.0_162\jre\lib\ext\sunpkcs11.jar;C:\Program Files\Java\jdk1.8.0_162\jre\lib\ext\zipfs.jar;C:\Program Files\Java\jdk1.8.0_162\jre\lib\javaws.jar;C:\Program Files\Java\jdk1.8.0_162\jre\lib\jce.jar;C:\Program Files\Java\jdk1.8.0_162\jre\lib\jfr.jar;C:\Program Files\Java\jdk1.8.0_162\jre\lib\jfxswt.jar;C:\Program Files\Java\jdk1.8.0_162\jre\lib\jsse.jar;C:\Program Files\Java\jdk1.8.0_162\jre\lib\management-agent.jar;C:\Program Files\Java\jdk1.8.0_162\jre\lib\plugin.jar;C:\Program Files\Java\jdk1.8.0_162\jre\lib\resources.jar;C:\Program Files\Java\jdk1.8.0_162\jre\lib\rt.jar;C:\Users\lsxuy\Documents\GitHub\NN_ACO\target\classes;C:\Users\lsxuy\.m2\repository\org\deeplearning4j\deeplearning4j-core\1.0.0-beta4\deeplearning4j-core-1.0.0-beta4.jar;C:\Users\lsxuy\.m2\repository\org\deeplearning4j\deeplearning4j-tsne\1.0.0-beta4\deeplearning4j-tsne-1.0.0-beta4.jar;C:\Users\lsxuy\.m2\repository\org\deeplearning4j\nearestneighbor-core\1.0.0-beta4\nearestneighbor-core-1.0.0-beta4.jar;C:\Users\lsxuy\.m2\repository\org\deeplearning4j\deeplearning4j-datasets\1.0.0-beta4\deeplearning4j-datasets-1.0.0-beta4.jar;C:\Users\lsxuy\.m2\repository\org\deeplearning4j\deeplearning4j-common\1.0.0-beta4\deeplearning4j-common-1.0.0-beta4.
Launcher Type: SUN_STANDARD

Environment Variables:
JAVA_HOME=C:\Program Files\Java\jdk1.8.0_162
PATH=C:\ProgramData\DockerDesktop\version-bin;C:\Program Files\Docker\Docker\Resources\bin;C:\Program Files\NVIDIA GPU Computing Toolkit\CUDA\v10.0\bin;C:\Program Files\NVIDIA GPU Computing Toolkit\CUDA\v10.0\libnvvp;C:\ProgramData\Oracle\Java\javapath;C:\Windows\system32;C:\Windows;C:\Windows\System32\Wbem;C:\Windows\System32\WindowsPowerShell\v1.0\;C:\Windows\System32\OpenSSH\;C:\Program Files (x86)\NVIDIA Corporation\PhysX\Common;C:\Program Files\NVIDIA Corporation\NVIDIA NvDLISR;C:\Program Files\PuTTY\;D:\Program Files\matlab2016\runtime\win64;D:\Program Files\matlab2016\bin;D:\Program Files\matlab2016\polyspace\bin;C:\Program Files\Microsoft Network Monitor 3\;C:\Program Files\Microsoft SQL Server\120\Tools\Binn\;C:\Program Files\Microsoft SQL Server\Client SDK\ODBC\110\Tools\Binn\;C:\Program Files (x86)\Microsoft SQL Server\120\Tools\Binn\;C:\Program Files\Microsoft SQL Server\120\DTS\Binn\;C:\Users\lsxuy\AppData\Local\Microsoft\WindowsApps;C:\Program Files\JetBrains\IntelliJ IDEA 2018.3.4\bin;C:\Users\lsxuy\AppData\Local\GitHubDesktop\bin
USERNAME=lsxuy
OS=Windows_NT
PROCESSOR_IDENTIFIER=AMD64 Family 23 Model 1 Stepping 1, AuthenticAMD



---------------  S Y S T E M  ---------------

OS: Windows 10.0 , 64 bit Build 17763 (10.0.17763.1158)

CPU:total 12 (initial active 12) (12 cores per cpu, 1 threads per core) family 23 model 1 stepping 1, cmov, cx8, fxsr, mmx, sse, sse2, sse3, ssse3, sse4.1, sse4.2, popcnt, avx, avx2, aes, clmul, mmxext, 3dnowpref, lzcnt, sse4a, tsc, tscinvbit, tscinv, bmi1

Memory: 4k page, physical 16731620k(10486228k free), swap 21188068k(13037224k free)

vm_info: Java HotSpot(TM) 64-Bit Server VM (25.162-b12) for windows-amd64 JRE (1.8.0_162-b12), built on Dec 19 2017 20:00:03 by "java_re" with MS VC++ 10.0 (VS2010)

time: Sun Jun 07 11:12:57 2020
elapsed time: 11 seconds (0d 0h 0m 11s)

